
*** Running vivado
    with args -log Interfaccia_seriale.vds -m64 -product Vivado -mode batch -messageDb vivado.pb -notrace -source Interfaccia_seriale.tcl



****** Vivado v2022.1 (64-bit)
  **** SW Build 3526262 on Mon Apr 18 15:48:16 MDT 2022
  **** IP Build 3524634 on Mon Apr 18 20:55:01 MDT 2022
    ** Copyright 1986-2022 Xilinx, Inc. All Rights Reserved.

source Interfaccia_seriale.tcl -notrace
Command: read_checkpoint -auto_incremental -incremental C:/Users/stefa_fil71sc/Desktop/Esercizio_9_1_InterfacciaSeriale/Esercizio_9_1_InterfacciaSeriale.srcs/utils_1/imports/synth_1/Interfaccia_seriale.dcp
INFO: [Vivado 12-5825] Read reference checkpoint from C:/Users/stefa_fil71sc/Desktop/Esercizio_9_1_InterfacciaSeriale/Esercizio_9_1_InterfacciaSeriale.srcs/utils_1/imports/synth_1/Interfaccia_seriale.dcp for incremental synthesis
INFO: [Vivado 12-7989] Please ensure there are no constraint changes
Command: synth_design -top Interfaccia_seriale -part xc7a100tcsg324-1
Starting synth_design
Attempting to get a license for feature 'Synthesis' and/or device 'xc7a100t'
INFO: [Common 17-349] Got license for feature 'Synthesis' and/or device 'xc7a100t'
INFO: [Device 21-403] Loading part xc7a100tcsg324-1
INFO: [Designutils 20-5440] No compile time benefit to using incremental synthesis; A full resynthesis will be run
INFO: [Designutils 20-4379] Flow is switching to default flow due to incremental criteria not met. If you would like to alter this behaviour and have the flow terminate instead, please set the following parameter config_implementation {autoIncr.Synth.RejectBehavior Terminate}
INFO: [Synth 8-7079] Multithreading enabled for synth_design using a maximum of 2 processes.
INFO: [Synth 8-7078] Launching helper process for spawning children vivado processes
INFO: [Synth 8-7075] Helper process launched with PID 24276
---------------------------------------------------------------------------------
Starting RTL Elaboration : Time (s): cpu = 00:00:04 ; elapsed = 00:00:05 . Memory (MB): peak = 1282.715 ; gain = 0.000
---------------------------------------------------------------------------------
INFO: [Synth 8-638] synthesizing module 'Interfaccia_seriale' [C:/Users/stefa_fil71sc/Desktop/Esercizio_9_1_InterfacciaSeriale/Esercizio_9_1_InterfacciaSeriale.srcs/sources_1/new/Interfaccia_seriale.vhd:16]
INFO: [Synth 8-3491] module 'SYS_A' declared at 'C:/Users/stefa_fil71sc/Desktop/Esercizio_9_1_InterfacciaSeriale/Esercizio_9_1_InterfacciaSeriale.srcs/sources_1/new/SYS_A.vhd:7' bound to instance 'a_sys' of component 'SYS_A' [C:/Users/stefa_fil71sc/Desktop/Esercizio_9_1_InterfacciaSeriale/Esercizio_9_1_InterfacciaSeriale.srcs/sources_1/new/Interfaccia_seriale.vhd:35]
INFO: [Synth 8-638] synthesizing module 'SYS_A' [C:/Users/stefa_fil71sc/Desktop/Esercizio_9_1_InterfacciaSeriale/Esercizio_9_1_InterfacciaSeriale.srcs/sources_1/new/SYS_A.vhd:16]
INFO: [Synth 8-3491] module 'ButtonDebouncer' declared at 'C:/Users/stefa_fil71sc/Desktop/Esercizio_9_1_InterfacciaSeriale/Esercizio_9_1_InterfacciaSeriale.srcs/sources_1/imports/display7seg/ButtonDebouncer.vhd:14' bound to instance 'db_write' of component 'ButtonDebouncer' [C:/Users/stefa_fil71sc/Desktop/Esercizio_9_1_InterfacciaSeriale/Esercizio_9_1_InterfacciaSeriale.srcs/sources_1/new/SYS_A.vhd:51]
INFO: [Synth 8-638] synthesizing module 'ButtonDebouncer' [C:/Users/stefa_fil71sc/Desktop/Esercizio_9_1_InterfacciaSeriale/Esercizio_9_1_InterfacciaSeriale.srcs/sources_1/imports/display7seg/ButtonDebouncer.vhd:25]
	Parameter CLK_period bound to: 10 - type: integer 
	Parameter btn_noise_time bound to: 10000000 - type: integer 
INFO: [Synth 8-226] default block is never used [C:/Users/stefa_fil71sc/Desktop/Esercizio_9_1_InterfacciaSeriale/Esercizio_9_1_InterfacciaSeriale.srcs/sources_1/imports/display7seg/ButtonDebouncer.vhd:56]
INFO: [Synth 8-256] done synthesizing module 'ButtonDebouncer' (0#1) [C:/Users/stefa_fil71sc/Desktop/Esercizio_9_1_InterfacciaSeriale/Esercizio_9_1_InterfacciaSeriale.srcs/sources_1/imports/display7seg/ButtonDebouncer.vhd:25]
INFO: [Synth 8-3491] module 'Rs232RefComp' declared at 'C:/Users/stefa_fil71sc/Desktop/Esercizio_9_1_InterfacciaSeriale/Esercizio_9_1_InterfacciaSeriale.srcs/sources_1/imports/Downloads/RS232RefComp.vhd:26' bound to instance 'uart' of component 'Rs232RefComp' [C:/Users/stefa_fil71sc/Desktop/Esercizio_9_1_InterfacciaSeriale/Esercizio_9_1_InterfacciaSeriale.srcs/sources_1/new/SYS_A.vhd:58]
INFO: [Synth 8-638] synthesizing module 'Rs232RefComp' [C:/Users/stefa_fil71sc/Desktop/Esercizio_9_1_InterfacciaSeriale/Esercizio_9_1_InterfacciaSeriale.srcs/sources_1/imports/Downloads/RS232RefComp.vhd:43]
INFO: [Synth 8-256] done synthesizing module 'Rs232RefComp' (0#1) [C:/Users/stefa_fil71sc/Desktop/Esercizio_9_1_InterfacciaSeriale/Esercizio_9_1_InterfacciaSeriale.srcs/sources_1/imports/Downloads/RS232RefComp.vhd:43]
INFO: [Synth 8-256] done synthesizing module 'SYS_A' (0#1) [C:/Users/stefa_fil71sc/Desktop/Esercizio_9_1_InterfacciaSeriale/Esercizio_9_1_InterfacciaSeriale.srcs/sources_1/new/SYS_A.vhd:16]
INFO: [Synth 8-3491] module 'SYS_B' declared at 'C:/Users/stefa_fil71sc/Desktop/Esercizio_9_1_InterfacciaSeriale/Esercizio_9_1_InterfacciaSeriale.srcs/sources_1/imports/new/SYS_B.vhd:8' bound to instance 'b_sys' of component 'SYS_B' [C:/Users/stefa_fil71sc/Desktop/Esercizio_9_1_InterfacciaSeriale/Esercizio_9_1_InterfacciaSeriale.srcs/sources_1/new/Interfaccia_seriale.vhd:42]
INFO: [Synth 8-638] synthesizing module 'SYS_B' [C:/Users/stefa_fil71sc/Desktop/Esercizio_9_1_InterfacciaSeriale/Esercizio_9_1_InterfacciaSeriale.srcs/sources_1/imports/new/SYS_B.vhd:17]
INFO: [Synth 8-3491] module 'Rs232RefComp' declared at 'C:/Users/stefa_fil71sc/Desktop/Esercizio_9_1_InterfacciaSeriale/Esercizio_9_1_InterfacciaSeriale.srcs/sources_1/imports/Downloads/RS232RefComp.vhd:26' bound to instance 'uart' of component 'RS232RefComp' [C:/Users/stefa_fil71sc/Desktop/Esercizio_9_1_InterfacciaSeriale/Esercizio_9_1_InterfacciaSeriale.srcs/sources_1/imports/new/SYS_B.vhd:68]
INFO: [Synth 8-3491] module 'register_pp' declared at 'C:/Users/stefa_fil71sc/Desktop/Esercizio_9_1_InterfacciaSeriale/Esercizio_9_1_InterfacciaSeriale.srcs/sources_1/imports/Desktop/register_pp.vhd:34' bound to instance 'mem' of component 'register_pp' [C:/Users/stefa_fil71sc/Desktop/Esercizio_9_1_InterfacciaSeriale/Esercizio_9_1_InterfacciaSeriale.srcs/sources_1/imports/new/SYS_B.vhd:85]
INFO: [Synth 8-638] synthesizing module 'register_pp' [C:/Users/stefa_fil71sc/Desktop/Esercizio_9_1_InterfacciaSeriale/Esercizio_9_1_InterfacciaSeriale.srcs/sources_1/imports/Desktop/register_pp.vhd:48]
	Parameter n bound to: 8 - type: integer 
INFO: [Synth 8-256] done synthesizing module 'register_pp' (0#1) [C:/Users/stefa_fil71sc/Desktop/Esercizio_9_1_InterfacciaSeriale/Esercizio_9_1_InterfacciaSeriale.srcs/sources_1/imports/Desktop/register_pp.vhd:48]
INFO: [Synth 8-3491] module 'D_FF' declared at 'C:/Users/stefa_fil71sc/Desktop/Esercizio_9_1_InterfacciaSeriale/Esercizio_9_1_InterfacciaSeriale.srcs/sources_1/imports/Desktop/D_FF.vhd:34' bound to instance 'ff' of component 'D_FF' [C:/Users/stefa_fil71sc/Desktop/Esercizio_9_1_InterfacciaSeriale/Esercizio_9_1_InterfacciaSeriale.srcs/sources_1/imports/new/SYS_B.vhd:94]
INFO: [Synth 8-638] synthesizing module 'D_FF' [C:/Users/stefa_fil71sc/Desktop/Esercizio_9_1_InterfacciaSeriale/Esercizio_9_1_InterfacciaSeriale.srcs/sources_1/imports/Desktop/D_FF.vhd:42]
INFO: [Synth 8-256] done synthesizing module 'D_FF' (0#1) [C:/Users/stefa_fil71sc/Desktop/Esercizio_9_1_InterfacciaSeriale/Esercizio_9_1_InterfacciaSeriale.srcs/sources_1/imports/Desktop/D_FF.vhd:42]
INFO: [Synth 8-256] done synthesizing module 'SYS_B' (0#1) [C:/Users/stefa_fil71sc/Desktop/Esercizio_9_1_InterfacciaSeriale/Esercizio_9_1_InterfacciaSeriale.srcs/sources_1/imports/new/SYS_B.vhd:17]
INFO: [Synth 8-256] done synthesizing module 'Interfaccia_seriale' (0#1) [C:/Users/stefa_fil71sc/Desktop/Esercizio_9_1_InterfacciaSeriale/Esercizio_9_1_InterfacciaSeriale.srcs/sources_1/new/Interfaccia_seriale.vhd:16]
---------------------------------------------------------------------------------
Finished RTL Elaboration : Time (s): cpu = 00:00:06 ; elapsed = 00:00:06 . Memory (MB): peak = 1282.715 ; gain = 0.000
---------------------------------------------------------------------------------
---------------------------------------------------------------------------------
Start Handling Custom Attributes
---------------------------------------------------------------------------------
---------------------------------------------------------------------------------
Finished Handling Custom Attributes : Time (s): cpu = 00:00:06 ; elapsed = 00:00:06 . Memory (MB): peak = 1282.715 ; gain = 0.000
---------------------------------------------------------------------------------
---------------------------------------------------------------------------------
Finished RTL Optimization Phase 1 : Time (s): cpu = 00:00:06 ; elapsed = 00:00:06 . Memory (MB): peak = 1282.715 ; gain = 0.000
---------------------------------------------------------------------------------
Netlist sorting complete. Time (s): cpu = 00:00:00 ; elapsed = 00:00:00.009 . Memory (MB): peak = 1282.715 ; gain = 0.000
INFO: [Project 1-570] Preparing netlist for logic optimization

Processing XDC Constraints
Initializing timing engine
Parsing XDC File [C:/Users/stefa_fil71sc/Desktop/Esercizio_9_1_InterfacciaSeriale/Esercizio_9_1_InterfacciaSeriale.srcs/constrs_1/imports/Downloads/Nexys-A7-100T-Master.xdc]
Finished Parsing XDC File [C:/Users/stefa_fil71sc/Desktop/Esercizio_9_1_InterfacciaSeriale/Esercizio_9_1_InterfacciaSeriale.srcs/constrs_1/imports/Downloads/Nexys-A7-100T-Master.xdc]
INFO: [Project 1-236] Implementation specific constraints were found while reading constraint file [C:/Users/stefa_fil71sc/Desktop/Esercizio_9_1_InterfacciaSeriale/Esercizio_9_1_InterfacciaSeriale.srcs/constrs_1/imports/Downloads/Nexys-A7-100T-Master.xdc]. These constraints will be ignored for synthesis but will be used in implementation. Impacted constraints are listed in the file [.Xil/Interfaccia_seriale_propImpl.xdc].
Resolution: To avoid this warning, move constraints listed in [.Xil/Interfaccia_seriale_propImpl.xdc] to another XDC file and exclude this new file from synthesis with the used_in_synthesis property (File Properties dialog in GUI) and re-run elaboration/synthesis.
Completed Processing XDC Constraints

Netlist sorting complete. Time (s): cpu = 00:00:00 ; elapsed = 00:00:00 . Memory (MB): peak = 1317.723 ; gain = 0.000
INFO: [Project 1-111] Unisim Transformation Summary:
No Unisim elements were transformed.

Constraint Validation Runtime : Time (s): cpu = 00:00:00 ; elapsed = 00:00:00.003 . Memory (MB): peak = 1317.723 ; gain = 0.000
INFO: [Designutils 20-5440] No compile time benefit to using incremental synthesis; A full resynthesis will be run
INFO: [Designutils 20-4379] Flow is switching to default flow due to incremental criteria not met. If you would like to alter this behaviour and have the flow terminate instead, please set the following parameter config_implementation {autoIncr.Synth.RejectBehavior Terminate}
---------------------------------------------------------------------------------
Finished Constraint Validation : Time (s): cpu = 00:00:13 ; elapsed = 00:00:14 . Memory (MB): peak = 1317.723 ; gain = 35.008
---------------------------------------------------------------------------------
---------------------------------------------------------------------------------
Start Loading Part and Timing Information
---------------------------------------------------------------------------------
Loading part: xc7a100tcsg324-1
---------------------------------------------------------------------------------
Finished Loading Part and Timing Information : Time (s): cpu = 00:00:13 ; elapsed = 00:00:14 . Memory (MB): peak = 1317.723 ; gain = 35.008
---------------------------------------------------------------------------------
---------------------------------------------------------------------------------
Start Applying 'set_property' XDC Constraints
---------------------------------------------------------------------------------
---------------------------------------------------------------------------------
Finished applying 'set_property' XDC Constraints : Time (s): cpu = 00:00:13 ; elapsed = 00:00:14 . Memory (MB): peak = 1317.723 ; gain = 35.008
---------------------------------------------------------------------------------
INFO: [Synth 8-802] inferred FSM for state register 'BTN_state_reg' in module 'ButtonDebouncer'
INFO: [Synth 8-802] inferred FSM for state register 'strCur_reg' in module 'Rs232RefComp'
INFO: [Synth 8-802] inferred FSM for state register 'stbeCur_reg' in module 'Rs232RefComp'
INFO: [Synth 8-802] inferred FSM for state register 'sttCur_reg' in module 'Rs232RefComp'
---------------------------------------------------------------------------------------------------
                   State |                     New Encoding |                Previous Encoding 
---------------------------------------------------------------------------------------------------
                released |                               00 |                               00
            pressed_vrfy |                               01 |                               01
          pressed_cnfrmd |                               10 |                               10
           released_vrfy |                               11 |                               11
---------------------------------------------------------------------------------------------------
INFO: [Synth 8-3354] encoded FSM with state register 'BTN_state_reg' using encoding 'sequential' in module 'ButtonDebouncer'
---------------------------------------------------------------------------------------------------
                   State |                     New Encoding |                Previous Encoding 
---------------------------------------------------------------------------------------------------
                 sttidle |                              001 |                               00
             stttransfer |                              010 |                               01
                sttshift |                              100 |                               10
---------------------------------------------------------------------------------------------------
INFO: [Synth 8-3354] encoded FSM with state register 'sttCur_reg' using encoding 'one-hot' in module 'Rs232RefComp'
---------------------------------------------------------------------------------------------------
                   State |                     New Encoding |                Previous Encoding 
---------------------------------------------------------------------------------------------------
                 stridle |                               00 |                               00
           streightdelay |                               01 |                               01
              strgetdata |                               10 |                               10
            strcheckstop |                               11 |                               11
---------------------------------------------------------------------------------------------------
INFO: [Synth 8-3354] encoded FSM with state register 'strCur_reg' using encoding 'sequential' in module 'Rs232RefComp'
WARNING: [Synth 8-327] inferring latch for variable 'TBE_reg' [C:/Users/stefa_fil71sc/Desktop/Esercizio_9_1_InterfacciaSeriale/Esercizio_9_1_InterfacciaSeriale.srcs/sources_1/imports/Downloads/RS232RefComp.vhd:313]
---------------------------------------------------------------------------------------------------
                   State |                     New Encoding |                Previous Encoding 
---------------------------------------------------------------------------------------------------
                stbeidle |                               00 |                               00
              stbesettbe |                               01 |                               01
            stbewaitload |                               10 |                               10
           stbewaitwrite |                               11 |                               11
---------------------------------------------------------------------------------------------------
INFO: [Synth 8-3354] encoded FSM with state register 'stbeCur_reg' using encoding 'sequential' in module 'Rs232RefComp'
---------------------------------------------------------------------------------
Finished RTL Optimization Phase 2 : Time (s): cpu = 00:00:13 ; elapsed = 00:00:14 . Memory (MB): peak = 1317.723 ; gain = 35.008
---------------------------------------------------------------------------------
---------------------------------------------------------------------------------
Start RTL Component Statistics 
---------------------------------------------------------------------------------
Detailed RTL Component Info : 
+---Adders : 
	   2 Input   32 Bit       Adders := 1     
	   2 Input    9 Bit       Adders := 2     
	   2 Input    4 Bit       Adders := 8     
+---XORs : 
	   8 Input      1 Bit         XORs := 2     
	   9 Input      1 Bit         XORs := 2     
+---Registers : 
	               32 Bit    Registers := 1     
	               11 Bit    Registers := 2     
	               10 Bit    Registers := 2     
	                9 Bit    Registers := 2     
	                8 Bit    Registers := 3     
	                4 Bit    Registers := 8     
	                1 Bit    Registers := 12    
+---Muxes : 
	   2 Input   32 Bit        Muxes := 2     
	   4 Input   32 Bit        Muxes := 1     
	   2 Input   11 Bit        Muxes := 2     
	   3 Input    3 Bit        Muxes := 2     
	   2 Input    3 Bit        Muxes := 4     
	   4 Input    2 Bit        Muxes := 5     
	   2 Input    2 Bit        Muxes := 18    
	   4 Input    1 Bit        Muxes := 16    
	   2 Input    1 Bit        Muxes := 2     
---------------------------------------------------------------------------------
Finished RTL Component Statistics 
---------------------------------------------------------------------------------
---------------------------------------------------------------------------------
Start Part Resource Summary
---------------------------------------------------------------------------------
Part Resources:
DSPs: 240 (col length:80)
BRAMs: 270 (col length: RAMB18 80 RAMB36 40)
---------------------------------------------------------------------------------
Finished Part Resource Summary
---------------------------------------------------------------------------------
---------------------------------------------------------------------------------
Start Cross Boundary and Area Optimization
---------------------------------------------------------------------------------
WARNING: [Synth 8-7080] Parallel synthesis criteria is not met
WARNING: [Synth 8-3332] Sequential element (a_sys/uart/FSM_sequential_strCur_reg[1]) is unused and will be removed from module Interfaccia_seriale.
WARNING: [Synth 8-3332] Sequential element (a_sys/uart/FSM_sequential_strCur_reg[0]) is unused and will be removed from module Interfaccia_seriale.
WARNING: [Synth 8-3332] Sequential element (b_sys/uart/FSM_onehot_sttCur_reg[2]) is unused and will be removed from module Interfaccia_seriale.
WARNING: [Synth 8-3332] Sequential element (b_sys/uart/FSM_onehot_sttCur_reg[1]) is unused and will be removed from module Interfaccia_seriale.
WARNING: [Synth 8-3332] Sequential element (b_sys/uart/FSM_onehot_sttCur_reg[0]) is unused and will be removed from module Interfaccia_seriale.
WARNING: [Synth 8-3332] Sequential element (b_sys/uart/TBE_reg) is unused and will be removed from module Interfaccia_seriale.
WARNING: [Synth 8-3332] Sequential element (b_sys/uart/FSM_sequential_stbeCur_reg[1]) is unused and will be removed from module Interfaccia_seriale.
WARNING: [Synth 8-3332] Sequential element (b_sys/uart/FSM_sequential_stbeCur_reg[0]) is unused and will be removed from module Interfaccia_seriale.
---------------------------------------------------------------------------------
Finished Cross Boundary and Area Optimization : Time (s): cpu = 00:00:16 ; elapsed = 00:00:17 . Memory (MB): peak = 1317.723 ; gain = 35.008
---------------------------------------------------------------------------------
---------------------------------------------------------------------------------
Start Applying XDC Timing Constraints
---------------------------------------------------------------------------------
---------------------------------------------------------------------------------
Finished Applying XDC Timing Constraints : Time (s): cpu = 00:00:21 ; elapsed = 00:00:22 . Memory (MB): peak = 1317.723 ; gain = 35.008
---------------------------------------------------------------------------------
---------------------------------------------------------------------------------
Start Timing Optimization
---------------------------------------------------------------------------------
---------------------------------------------------------------------------------
Finished Timing Optimization : Time (s): cpu = 00:00:21 ; elapsed = 00:00:22 . Memory (MB): peak = 1317.723 ; gain = 35.008
---------------------------------------------------------------------------------
---------------------------------------------------------------------------------
Start Technology Mapping
---------------------------------------------------------------------------------
---------------------------------------------------------------------------------
Finished Technology Mapping : Time (s): cpu = 00:00:21 ; elapsed = 00:00:22 . Memory (MB): peak = 1317.723 ; gain = 35.008
---------------------------------------------------------------------------------
---------------------------------------------------------------------------------
Start IO Insertion
---------------------------------------------------------------------------------
---------------------------------------------------------------------------------
Start Flattening Before IO Insertion
---------------------------------------------------------------------------------
---------------------------------------------------------------------------------
Finished Flattening Before IO Insertion
---------------------------------------------------------------------------------
---------------------------------------------------------------------------------
Start Final Netlist Cleanup
---------------------------------------------------------------------------------
---------------------------------------------------------------------------------
Finished Final Netlist Cleanup
---------------------------------------------------------------------------------
---------------------------------------------------------------------------------
Finished IO Insertion : Time (s): cpu = 00:00:26 ; elapsed = 00:00:28 . Memory (MB): peak = 1317.723 ; gain = 35.008
---------------------------------------------------------------------------------
---------------------------------------------------------------------------------
Start Renaming Generated Instances
---------------------------------------------------------------------------------
---------------------------------------------------------------------------------
Finished Renaming Generated Instances : Time (s): cpu = 00:00:26 ; elapsed = 00:00:28 . Memory (MB): peak = 1317.723 ; gain = 35.008
---------------------------------------------------------------------------------
---------------------------------------------------------------------------------
Start Rebuilding User Hierarchy
---------------------------------------------------------------------------------
---------------------------------------------------------------------------------
Finished Rebuilding User Hierarchy : Time (s): cpu = 00:00:26 ; elapsed = 00:00:28 . Memory (MB): peak = 1317.723 ; gain = 35.008
---------------------------------------------------------------------------------
---------------------------------------------------------------------------------
Start Renaming Generated Ports
---------------------------------------------------------------------------------
---------------------------------------------------------------------------------
Finished Renaming Generated Ports : Time (s): cpu = 00:00:26 ; elapsed = 00:00:28 . Memory (MB): peak = 1317.723 ; gain = 35.008
---------------------------------------------------------------------------------
---------------------------------------------------------------------------------
Start Handling Custom Attributes
---------------------------------------------------------------------------------
---------------------------------------------------------------------------------
Finished Handling Custom Attributes : Time (s): cpu = 00:00:26 ; elapsed = 00:00:28 . Memory (MB): peak = 1317.723 ; gain = 35.008
---------------------------------------------------------------------------------
---------------------------------------------------------------------------------
Start Renaming Generated Nets
---------------------------------------------------------------------------------
---------------------------------------------------------------------------------
Finished Renaming Generated Nets : Time (s): cpu = 00:00:26 ; elapsed = 00:00:28 . Memory (MB): peak = 1317.723 ; gain = 35.008
---------------------------------------------------------------------------------
---------------------------------------------------------------------------------
Start ROM, RAM, DSP, Shift Register and Retiming Reporting
---------------------------------------------------------------------------------

Static Shift Register Report:
+--------------------+--------------------------+--------+-------+--------------+--------------------+-------------------+--------+---------+
|Module Name         | RTL Name                 | Length | Width | Reset Signal | Pull out first Reg | Pull out last Reg | SRL16E | SRLC32E | 
+--------------------+--------------------------+--------+-------+--------------+--------------------+-------------------+--------+---------+
|Interfaccia_seriale | b_sys/uart/rdSReg_reg[7] | 3      | 1     | NO           | NO                 | YES               | 1      | 0       | 
+--------------------+--------------------------+--------+-------+--------------+--------------------+-------------------+--------+---------+

---------------------------------------------------------------------------------
Finished ROM, RAM, DSP, Shift Register and Retiming Reporting
---------------------------------------------------------------------------------
---------------------------------------------------------------------------------
Start Writing Synthesis Report
---------------------------------------------------------------------------------

Report BlackBoxes: 
+-+--------------+----------+
| |BlackBox name |Instances |
+-+--------------+----------+
+-+--------------+----------+

Report Cell Usage: 
+------+-------+------+
|      |Cell   |Count |
+------+-------+------+
|1     |BUFG   |     1|
|2     |CARRY4 |     8|
|3     |LUT1   |     8|
|4     |LUT2   |    22|
|5     |LUT3   |    19|
|6     |LUT4   |    23|
|7     |LUT5   |    16|
|8     |LUT6   |    15|
|9     |SRL16E |     1|
|10    |FDCE   |     1|
|11    |FDRE   |   102|
|12    |FDSE   |    11|
|13    |LD     |     1|
|14    |IBUF   |    11|
|15    |OBUF   |     8|
+------+-------+------+
---------------------------------------------------------------------------------
Finished Writing Synthesis Report : Time (s): cpu = 00:00:26 ; elapsed = 00:00:28 . Memory (MB): peak = 1317.723 ; gain = 35.008
---------------------------------------------------------------------------------
Synthesis finished with 0 errors, 0 critical warnings and 10 warnings.
Synthesis Optimization Runtime : Time (s): cpu = 00:00:19 ; elapsed = 00:00:26 . Memory (MB): peak = 1317.723 ; gain = 0.000
Synthesis Optimization Complete : Time (s): cpu = 00:00:26 ; elapsed = 00:00:28 . Memory (MB): peak = 1317.723 ; gain = 35.008
INFO: [Project 1-571] Translating synthesized netlist
Netlist sorting complete. Time (s): cpu = 00:00:00 ; elapsed = 00:00:00.002 . Memory (MB): peak = 1322.113 ; gain = 0.000
INFO: [Netlist 29-17] Analyzing 9 Unisim elements for replacement
INFO: [Netlist 29-28] Unisim Transformation completed in 0 CPU seconds
INFO: [Project 1-570] Preparing netlist for logic optimization
INFO: [Opt 31-138] Pushed 1 inverter(s) to 1 load pin(s).
Netlist sorting complete. Time (s): cpu = 00:00:00 ; elapsed = 00:00:00.001 . Memory (MB): peak = 1325.750 ; gain = 0.000
INFO: [Project 1-111] Unisim Transformation Summary:
  A total of 1 instances were transformed.
  LD => LDCE (inverted pins: G): 1 instance 

Synth Design complete, checksum: adc0f240
INFO: [Common 17-83] Releasing license: Synthesis
51 Infos, 10 Warnings, 0 Critical Warnings and 0 Errors encountered.
synth_design completed successfully
synth_design: Time (s): cpu = 00:00:30 ; elapsed = 00:00:32 . Memory (MB): peak = 1325.750 ; gain = 43.035
INFO: [Common 17-1381] The checkpoint 'C:/Users/stefa_fil71sc/Desktop/Esercizio_9_1_InterfacciaSeriale/Esercizio_9_1_InterfacciaSeriale.runs/synth_1/Interfaccia_seriale.dcp' has been generated.
INFO: [runtcl-4] Executing : report_utilization -file Interfaccia_seriale_utilization_synth.rpt -pb Interfaccia_seriale_utilization_synth.pb
INFO: [Common 17-206] Exiting Vivado at Sat Jan 14 13:34:56 2023...
