Vivado Simulator v2022.1
Copyright 1986-1999, 2001-2022 Xilinx, Inc. All Rights Reserved.
Running: C:/Xilinx/Vivado/2022.1/bin/unwrapped/win64.o/xelab.exe --incr --debug typical --relax --mt 2 -L xil_defaultlib -L secureip --snapshot TB_DivisoreNonRestoring_behav xil_defaultlib.TB_DivisoreNonRestoring -log elaborate.log 
Using 2 slave threads.
Starting static elaboration
Completed static elaboration
Starting simulation data flow analysis
Completed simulation data flow analysis
Time Resolution for simulation is 1ps
Compiling package std.standard
Compiling package std.textio
Compiling package ieee.std_logic_1164
Compiling architecture behavioral of entity xil_defaultlib.ControlUnit [controlunit_default]
Compiling architecture behavioral of entity xil_defaultlib.register_pp [\register_pp(n=4)\]
Compiling architecture behavioral of entity xil_defaultlib.Reg_1 [reg_1_default]
Compiling architecture behavioral of entity xil_defaultlib.Reg_2 [reg_2_default]
Compiling architecture dataflow of entity xil_defaultlib.Mux_2_1 [mux_2_1_default]
Compiling architecture structural of entity xil_defaultlib.Selezionatore_2_1 [\Selezionatore_2_1(n=4)\]
Compiling architecture rtl of entity xil_defaultlib.full_adder [full_adder_default]
Compiling architecture structural of entity xil_defaultlib.ripple_carry [ripple_carry_default]
Compiling architecture structural of entity xil_defaultlib.adder_sub [adder_sub_default]
Compiling architecture behavioural of entity xil_defaultlib.FFD [ffd_default]
Compiling architecture behavioral of entity xil_defaultlib.counter_n [counter_n_default]
Compiling architecture structural of entity xil_defaultlib.Parte_operativa [parte_operativa_default]
Compiling architecture structural of entity xil_defaultlib.DivisoreNonRestoring [divisorenonrestoring_default]
Compiling architecture behavioral of entity xil_defaultlib.tb_divisorenonrestoring
Built simulation snapshot TB_DivisoreNonRestoring_behav
