
*** Running vivado
    with args -log mux_16_1.vds -m64 -product Vivado -mode batch -messageDb vivado.pb -notrace -source mux_16_1.tcl



****** Vivado v2022.1 (64-bit)
  **** SW Build 3526262 on Mon Apr 18 15:48:16 MDT 2022
  **** IP Build 3524634 on Mon Apr 18 20:55:01 MDT 2022
    ** Copyright 1986-2022 Xilinx, Inc. All Rights Reserved.

source mux_16_1.tcl -notrace
Command: read_checkpoint -auto_incremental -incremental C:/Users/stefa_fil71sc/Desktop/MUX_16_1/MUX_16_1.srcs/utils_1/imports/synth_1/mux_16_1.dcp
INFO: [Vivado 12-5825] Read reference checkpoint from C:/Users/stefa_fil71sc/Desktop/MUX_16_1/MUX_16_1.srcs/utils_1/imports/synth_1/mux_16_1.dcp for incremental synthesis
INFO: [Vivado 12-7989] Please ensure there are no constraint changes
Command: synth_design -top mux_16_1 -part xc7a50ticsg324-1L
Starting synth_design
Attempting to get a license for feature 'Synthesis' and/or device 'xc7a50ti'
INFO: [Common 17-349] Got license for feature 'Synthesis' and/or device 'xc7a50ti'
INFO: [Designutils 20-5440] No compile time benefit to using incremental synthesis; A full resynthesis will be run
INFO: [Designutils 20-4379] Flow is switching to default flow due to incremental criteria not met. If you would like to alter this behaviour and have the flow terminate instead, please set the following parameter config_implementation {autoIncr.Synth.RejectBehavior Terminate}
INFO: [Synth 8-7079] Multithreading enabled for synth_design using a maximum of 2 processes.
INFO: [Synth 8-7078] Launching helper process for spawning children vivado processes
INFO: [Synth 8-7075] Helper process launched with PID 13084

*** Running vivado
    with args -log mux_16_1.vds -m64 -product Vivado -mode batch -messageDb vivado.pb -notrace -source mux_16_1.tcl



****** Vivado v2022.1 (64-bit)
  **** SW Build 3526262 on Mon Apr 18 15:48:16 MDT 2022
  **** IP Build 3524634 on Mon Apr 18 20:55:01 MDT 2022
    ** Copyright 1986-2022 Xilinx, Inc. All Rights Reserved.

source mux_16_1.tcl -notrace
Command: read_checkpoint -auto_incremental -incremental C:/Users/stefa_fil71sc/Desktop/MUX_16_1/MUX_16_1.srcs/utils_1/imports/synth_1/mux_16_1.dcp
INFO: [Vivado 12-5825] Read reference checkpoint from C:/Users/stefa_fil71sc/Desktop/MUX_16_1/MUX_16_1.srcs/utils_1/imports/synth_1/mux_16_1.dcp for incremental synthesis
INFO: [Vivado 12-7989] Please ensure there are no constraint changes
Command: synth_design -top mux_16_1 -part xc7a50ticsg324-1L
Starting synth_design
Attempting to get a license for feature 'Synthesis' and/or device 'xc7a50ti'
INFO: [Common 17-349] Got license for feature 'Synthesis' and/or device 'xc7a50ti'
INFO: [Designutils 20-5440] No compile time benefit to using incremental synthesis; A full resynthesis will be run
INFO: [Designutils 20-4379] Flow is switching to default flow due to incremental criteria not met. If you would like to alter this behaviour and have the flow terminate instead, please set the following parameter config_implementation {autoIncr.Synth.RejectBehavior Terminate}
INFO: [Synth 8-7079] Multithreading enabled for synth_design using a maximum of 2 processes.
INFO: [Synth 8-7078] Launching helper process for spawning children vivado processes
INFO: [Synth 8-7075] Helper process launched with PID 8948
---------------------------------------------------------------------------------
Starting Synthesize : Time (s): cpu = 00:00:04 ; elapsed = 00:00:04 . Memory (MB): peak = 1281.668 ; gain = 0.000
---------------------------------------------------------------------------------
INFO: [Synth 8-638] synthesizing module 'mux_16_1' [C:/Users/stefa_fil71sc/Desktop/MUX_16_1/MUX_16_1.srcs/sources_1/new/mux_16_1.vhd:15]
INFO: [Synth 8-3491] module 'mux_4_1' declared at 'C:/Users/stefa_fil71sc/Desktop/MUX_16_1/MUX_16_1.srcs/sources_1/new/mux_4_1.vhd:5' bound to instance 'mux' of component 'mux_4_1' [C:/Users/stefa_fil71sc/Desktop/MUX_16_1/MUX_16_1.srcs/sources_1/new/mux_16_1.vhd:26]
INFO: [Synth 8-638] synthesizing module 'mux_4_1' [C:/Users/stefa_fil71sc/Desktop/MUX_16_1/MUX_16_1.srcs/sources_1/new/mux_4_1.vhd:14]
INFO: [Synth 8-3491] module 'mux_2_1' declared at 'C:/Users/stefa_fil71sc/Desktop/MUX_16_1/MUX_16_1.srcs/sources_1/new/mux_2_1.vhd:5' bound to instance 'mux' of component 'mux_2_1' [C:/Users/stefa_fil71sc/Desktop/MUX_16_1/MUX_16_1.srcs/sources_1/new/mux_4_1.vhd:27]
INFO: [Synth 8-638] synthesizing module 'mux_2_1' [C:/Users/stefa_fil71sc/Desktop/MUX_16_1/MUX_16_1.srcs/sources_1/new/mux_2_1.vhd:15]
INFO: [Synth 8-256] done synthesizing module 'mux_2_1' (0#1) [C:/Users/stefa_fil71sc/Desktop/MUX_16_1/MUX_16_1.srcs/sources_1/new/mux_2_1.vhd:15]
INFO: [Synth 8-3491] module 'mux_2_1' declared at 'C:/Users/stefa_fil71sc/Desktop/MUX_16_1/MUX_16_1.srcs/sources_1/new/mux_2_1.vhd:5' bound to instance 'mux' of component 'mux_2_1' [C:/Users/stefa_fil71sc/Desktop/MUX_16_1/MUX_16_1.srcs/sources_1/new/mux_4_1.vhd:27]
INFO: [Synth 8-3491] module 'mux_2_1' declared at 'C:/Users/stefa_fil71sc/Desktop/MUX_16_1/MUX_16_1.srcs/sources_1/new/mux_2_1.vhd:5' bound to instance 'mux_2' of component 'mux_2_1' [C:/Users/stefa_fil71sc/Desktop/MUX_16_1/MUX_16_1.srcs/sources_1/new/mux_4_1.vhd:36]
INFO: [Synth 8-256] done synthesizing module 'mux_4_1' (0#1) [C:/Users/stefa_fil71sc/Desktop/MUX_16_1/MUX_16_1.srcs/sources_1/new/mux_4_1.vhd:14]
INFO: [Synth 8-3491] module 'mux_4_1' declared at 'C:/Users/stefa_fil71sc/Desktop/MUX_16_1/MUX_16_1.srcs/sources_1/new/mux_4_1.vhd:5' bound to instance 'mux' of component 'mux_4_1' [C:/Users/stefa_fil71sc/Desktop/MUX_16_1/MUX_16_1.srcs/sources_1/new/mux_16_1.vhd:26]
INFO: [Synth 8-3491] module 'mux_4_1' declared at 'C:/Users/stefa_fil71sc/Desktop/MUX_16_1/MUX_16_1.srcs/sources_1/new/mux_4_1.vhd:5' bound to instance 'mux' of component 'mux_4_1' [C:/Users/stefa_fil71sc/Desktop/MUX_16_1/MUX_16_1.srcs/sources_1/new/mux_16_1.vhd:26]
INFO: [Synth 8-3491] module 'mux_4_1' declared at 'C:/Users/stefa_fil71sc/Desktop/MUX_16_1/MUX_16_1.srcs/sources_1/new/mux_4_1.vhd:5' bound to instance 'mux' of component 'mux_4_1' [C:/Users/stefa_fil71sc/Desktop/MUX_16_1/MUX_16_1.srcs/sources_1/new/mux_16_1.vhd:26]
INFO: [Synth 8-3491] module 'mux_4_1' declared at 'C:/Users/stefa_fil71sc/Desktop/MUX_16_1/MUX_16_1.srcs/sources_1/new/mux_4_1.vhd:5' bound to instance 'mux_4' of component 'mux_4_1' [C:/Users/stefa_fil71sc/Desktop/MUX_16_1/MUX_16_1.srcs/sources_1/new/mux_16_1.vhd:34]
INFO: [Synth 8-256] done synthesizing module 'mux_16_1' (0#1) [C:/Users/stefa_fil71sc/Desktop/MUX_16_1/MUX_16_1.srcs/sources_1/new/mux_16_1.vhd:15]
---------------------------------------------------------------------------------
Finished Synthesize : Time (s): cpu = 00:00:05 ; elapsed = 00:00:05 . Memory (MB): peak = 1281.668 ; gain = 0.000
---------------------------------------------------------------------------------
---------------------------------------------------------------------------------
Finished Constraint Validation : Time (s): cpu = 00:00:06 ; elapsed = 00:00:06 . Memory (MB): peak = 1281.668 ; gain = 0.000
---------------------------------------------------------------------------------
---------------------------------------------------------------------------------
Start Loading Part and Timing Information
---------------------------------------------------------------------------------
Loading part: xc7a50ticsg324-1L
---------------------------------------------------------------------------------
Finished Loading Part and Timing Information : Time (s): cpu = 00:00:06 ; elapsed = 00:00:06 . Memory (MB): peak = 1281.668 ; gain = 0.000
---------------------------------------------------------------------------------
INFO: [Device 21-403] Loading part xc7a50ticsg324-1L
---------------------------------------------------------------------------------
Finished RTL Optimization Phase 2 : Time (s): cpu = 00:00:06 ; elapsed = 00:00:06 . Memory (MB): peak = 1281.668 ; gain = 0.000
---------------------------------------------------------------------------------
No constraint files found.
---------------------------------------------------------------------------------
Start RTL Component Statistics 
---------------------------------------------------------------------------------
Detailed RTL Component Info : 
+---Muxes : 
	   2 Input    1 Bit        Muxes := 15    
---------------------------------------------------------------------------------
Finished RTL Component Statistics 
---------------------------------------------------------------------------------
---------------------------------------------------------------------------------
Start Part Resource Summary
---------------------------------------------------------------------------------
Part Resources:
DSPs: 120 (col length:60)
BRAMs: 150 (col length: RAMB18 60 RAMB36 30)
---------------------------------------------------------------------------------
Finished Part Resource Summary
---------------------------------------------------------------------------------
No constraint files found.
---------------------------------------------------------------------------------
Start Cross Boundary and Area Optimization
---------------------------------------------------------------------------------
WARNING: [Synth 8-7080] Parallel synthesis criteria is not met
---------------------------------------------------------------------------------
Finished Cross Boundary and Area Optimization : Time (s): cpu = 00:00:09 ; elapsed = 00:00:10 . Memory (MB): peak = 1281.668 ; gain = 0.000
---------------------------------------------------------------------------------
No constraint files found.
---------------------------------------------------------------------------------
Start Timing Optimization
---------------------------------------------------------------------------------
---------------------------------------------------------------------------------
Finished Timing Optimization : Time (s): cpu = 00:00:09 ; elapsed = 00:00:10 . Memory (MB): peak = 1281.668 ; gain = 0.000
---------------------------------------------------------------------------------
---------------------------------------------------------------------------------
Start Technology Mapping
---------------------------------------------------------------------------------
---------------------------------------------------------------------------------
Finished Technology Mapping : Time (s): cpu = 00:00:09 ; elapsed = 00:00:10 . Memory (MB): peak = 1281.668 ; gain = 0.000
---------------------------------------------------------------------------------
---------------------------------------------------------------------------------
Start IO Insertion
---------------------------------------------------------------------------------
---------------------------------------------------------------------------------
Start Flattening Before IO Insertion
---------------------------------------------------------------------------------
---------------------------------------------------------------------------------
Finished Flattening Before IO Insertion
---------------------------------------------------------------------------------
---------------------------------------------------------------------------------
Start Final Netlist Cleanup
---------------------------------------------------------------------------------
---------------------------------------------------------------------------------
Finished Final Netlist Cleanup
---------------------------------------------------------------------------------
---------------------------------------------------------------------------------
Finished IO Insertion : Time (s): cpu = 00:00:13 ; elapsed = 00:00:13 . Memory (MB): peak = 1281.668 ; gain = 0.000
---------------------------------------------------------------------------------
---------------------------------------------------------------------------------
Start Renaming Generated Instances
---------------------------------------------------------------------------------
---------------------------------------------------------------------------------
Finished Renaming Generated Instances : Time (s): cpu = 00:00:13 ; elapsed = 00:00:13 . Memory (MB): peak = 1281.668 ; gain = 0.000
---------------------------------------------------------------------------------
CRITICAL WARNING: [Synth 8-6859] multi-driven net on pin mux_03[0].mux/y0 with 1st driver pin 'y_OBUF_inst_i_10/O' [C:/Users/stefa_fil71sc/Desktop/MUX_16_1/MUX_16_1.srcs/sources_1/new/mux_2_1.vhd:17]
CRITICAL WARNING: [Synth 8-6859] multi-driven net on pin mux_03[0].mux/y0 with 2nd driver pin 'y_OBUF_inst_i_11/O' [C:/Users/stefa_fil71sc/Desktop/MUX_16_1/MUX_16_1.srcs/sources_1/new/mux_2_1.vhd:17]
CRITICAL WARNING: [Synth 8-6859] multi-driven net on pin mux_03[1].mux/y0 with 1st driver pin 'y_OBUF_inst_i_8/O' [C:/Users/stefa_fil71sc/Desktop/MUX_16_1/MUX_16_1.srcs/sources_1/new/mux_2_1.vhd:17]
CRITICAL WARNING: [Synth 8-6859] multi-driven net on pin mux_03[1].mux/y0 with 2nd driver pin 'y_OBUF_inst_i_9/O' [C:/Users/stefa_fil71sc/Desktop/MUX_16_1/MUX_16_1.srcs/sources_1/new/mux_2_1.vhd:17]
CRITICAL WARNING: [Synth 8-6859] multi-driven net on pin mux_03[2].mux/y0 with 1st driver pin 'y_OBUF_inst_i_6/O' [C:/Users/stefa_fil71sc/Desktop/MUX_16_1/MUX_16_1.srcs/sources_1/new/mux_2_1.vhd:17]
CRITICAL WARNING: [Synth 8-6859] multi-driven net on pin mux_03[2].mux/y0 with 2nd driver pin 'y_OBUF_inst_i_7/O' [C:/Users/stefa_fil71sc/Desktop/MUX_16_1/MUX_16_1.srcs/sources_1/new/mux_2_1.vhd:17]
CRITICAL WARNING: [Synth 8-6859] multi-driven net on pin mux_03[3].mux/y0 with 1st driver pin 'y_OBUF_inst_i_4/O' [C:/Users/stefa_fil71sc/Desktop/MUX_16_1/MUX_16_1.srcs/sources_1/new/mux_2_1.vhd:17]
CRITICAL WARNING: [Synth 8-6859] multi-driven net on pin mux_03[3].mux/y0 with 2nd driver pin 'y_OBUF_inst_i_5/O' [C:/Users/stefa_fil71sc/Desktop/MUX_16_1/MUX_16_1.srcs/sources_1/new/mux_2_1.vhd:17]
CRITICAL WARNING: [Synth 8-6859] multi-driven net on pin mux_4/y0 with 1st driver pin 'y_OBUF_inst_i_2/O' [C:/Users/stefa_fil71sc/Desktop/MUX_16_1/MUX_16_1.srcs/sources_1/new/mux_2_1.vhd:17]
CRITICAL WARNING: [Synth 8-6859] multi-driven net on pin mux_4/y0 with 2nd driver pin 'y_OBUF_inst_i_3/O' [C:/Users/stefa_fil71sc/Desktop/MUX_16_1/MUX_16_1.srcs/sources_1/new/mux_2_1.vhd:17]

Report Check Netlist: 
+------+------------------+-------+---------+-------+------------------+
|      |Item              |Errors |Warnings |Status |Description       |
+------+------------------+-------+---------+-------+------------------+
|1     |multi_driven_nets |      0|        5|Failed |Multi driven nets |
+------+------------------+-------+---------+-------+------------------+
---------------------------------------------------------------------------------
Start Rebuilding User Hierarchy
---------------------------------------------------------------------------------
---------------------------------------------------------------------------------
Finished Rebuilding User Hierarchy : Time (s): cpu = 00:00:13 ; elapsed = 00:00:13 . Memory (MB): peak = 1281.668 ; gain = 0.000
---------------------------------------------------------------------------------
---------------------------------------------------------------------------------
Start Renaming Generated Ports
---------------------------------------------------------------------------------
---------------------------------------------------------------------------------
Finished Renaming Generated Ports : Time (s): cpu = 00:00:13 ; elapsed = 00:00:13 . Memory (MB): peak = 1281.668 ; gain = 0.000
---------------------------------------------------------------------------------
---------------------------------------------------------------------------------
Start Handling Custom Attributes
---------------------------------------------------------------------------------
---------------------------------------------------------------------------------
Finished Handling Custom Attributes : Time (s): cpu = 00:00:13 ; elapsed = 00:00:13 . Memory (MB): peak = 1281.668 ; gain = 0.000
---------------------------------------------------------------------------------
---------------------------------------------------------------------------------
Start Renaming Generated Nets
---------------------------------------------------------------------------------
---------------------------------------------------------------------------------
Finished Renaming Generated Nets : Time (s): cpu = 00:00:13 ; elapsed = 00:00:13 . Memory (MB): peak = 1281.668 ; gain = 0.000
---------------------------------------------------------------------------------
---------------------------------------------------------------------------------
Start Writing Synthesis Report
---------------------------------------------------------------------------------

Report BlackBoxes: 
+-+--------------+----------+
| |BlackBox name |Instances |
+-+--------------+----------+
+-+--------------+----------+

Report Cell Usage: 
+------+-----+------+
|      |Cell |Count |
+------+-----+------+
|1     |LUT2 |     1|
|2     |LUT3 |     8|
|3     |LUT4 |     2|
|4     |IBUF |    20|
|5     |OBUF |     1|
+------+-----+------+

Report Instance Areas: 
+------+---------+-------+------+
|      |Instance |Module |Cells |
+------+---------+-------+------+
|1     |top      |       |    32|
+------+---------+-------+------+
---------------------------------------------------------------------------------
Finished Writing Synthesis Report : Time (s): cpu = 00:00:13 ; elapsed = 00:00:13 . Memory (MB): peak = 1281.668 ; gain = 0.000
---------------------------------------------------------------------------------
Synthesis finished with 0 errors, 10 critical warnings and 1 warnings.
Synthesis Optimization Runtime : Time (s): cpu = 00:00:13 ; elapsed = 00:00:13 . Memory (MB): peak = 1281.668 ; gain = 0.000
Synthesis Optimization Complete : Time (s): cpu = 00:00:13 ; elapsed = 00:00:13 . Memory (MB): peak = 1281.668 ; gain = 0.000
INFO: [Project 1-571] Translating synthesized netlist
Netlist sorting complete. Time (s): cpu = 00:00:00 ; elapsed = 00:00:00 . Memory (MB): peak = 1281.668 ; gain = 0.000
INFO: [Project 1-570] Preparing netlist for logic optimization
INFO: [Opt 31-138] Pushed 0 inverter(s) to 0 load pin(s).
Netlist sorting complete. Time (s): cpu = 00:00:00 ; elapsed = 00:00:00 . Memory (MB): peak = 1281.668 ; gain = 0.000
INFO: [Project 1-111] Unisim Transformation Summary:
No Unisim elements were transformed.

Synth Design complete, checksum: 6a25492b
INFO: [Common 17-83] Releasing license: Synthesis
28 Infos, 1 Warnings, 10 Critical Warnings and 0 Errors encountered.
synth_design completed successfully
synth_design: Time (s): cpu = 00:00:14 ; elapsed = 00:00:15 . Memory (MB): peak = 1281.668 ; gain = 0.000
INFO: [runtcl-6] Synthesis results are not added to the cache due to CRITICAL_WARNING
INFO: [Common 17-1381] The checkpoint 'C:/Users/stefa_fil71sc/Desktop/MUX_16_1/MUX_16_1.runs/synth_1/mux_16_1.dcp' has been generated.
INFO: [runtcl-4] Executing : report_utilization -file mux_16_1_utilization_synth.rpt -pb mux_16_1_utilization_synth.pb
INFO: [Common 17-206] Exiting Vivado at Sat Oct 15 17:13:46 2022...
