INFO: [VRFC 10-163] Analyzing VHDL file "C:/Users/catal/OneDrive/Desktop/BlowfishOnBoard/BlowfishOnBoard.srcs/sources_1/new/Blowfish.vhd" into library xil_defaultlib
INFO: [VRFC 10-3107] analyzing entity 'Blowfish'
INFO: [VRFC 10-163] Analyzing VHDL file "C:/Users/catal/OneDrive/Desktop/BlowfishOnBoard/BlowfishOnBoard.srcs/sources_1/new/ControlUnit.vhd" into library xil_defaultlib
INFO: [VRFC 10-3107] analyzing entity 'ControlUnit'
INFO: [VRFC 10-163] Analyzing VHDL file "C:/Users/catal/OneDrive/Desktop/BlowfishOnBoard/BlowfishOnBoard.srcs/sources_1/new/Encrypter.vhd" into library xil_defaultlib
INFO: [VRFC 10-3107] analyzing entity 'Encrypter'
INFO: [VRFC 10-163] Analyzing VHDL file "C:/Users/catal/OneDrive/Desktop/BlowfishOnBoard/BlowfishOnBoard.srcs/sources_1/new/F.vhd" into library xil_defaultlib
INFO: [VRFC 10-3107] analyzing entity 'F'
INFO: [VRFC 10-163] Analyzing VHDL file "C:/Users/catal/OneDrive/Desktop/BlowfishOnBoard/BlowfishOnBoard.srcs/sources_1/new/Key_whitening.vhd" into library xil_defaultlib
INFO: [VRFC 10-3107] analyzing entity 'Key_whitening'
INFO: [VRFC 10-163] Analyzing VHDL file "C:/Users/catal/OneDrive/Desktop/BlowfishOnBoard/BlowfishOnBoard.srcs/sources_1/imports/ES12/Memoria.vhd" into library xil_defaultlib
INFO: [VRFC 10-3107] analyzing entity 'Memoria'
INFO: [VRFC 10-163] Analyzing VHDL file "C:/Users/catal/OneDrive/Desktop/BlowfishOnBoard/BlowfishOnBoard.srcs/sources_1/new/ParteOperativa.vhd" into library xil_defaultlib
INFO: [VRFC 10-3107] analyzing entity 'ParteOperativa'
INFO: [VRFC 10-163] Analyzing VHDL file "C:/Users/catal/OneDrive/Desktop/BlowfishOnBoard/BlowfishOnBoard.srcs/sources_1/imports/new/ROM.vhd" into library xil_defaultlib
INFO: [VRFC 10-3107] analyzing entity 'ROM'
INFO: [VRFC 10-163] Analyzing VHDL file "C:/Users/catal/OneDrive/Desktop/BlowfishOnBoard/BlowfishOnBoard.srcs/sources_1/new/ROM1.vhd" into library xil_defaultlib
INFO: [VRFC 10-3107] analyzing entity 'ROM1'
INFO: [VRFC 10-163] Analyzing VHDL file "C:/Users/catal/OneDrive/Desktop/BlowfishOnBoard/BlowfishOnBoard.srcs/sources_1/new/ROM2.vhd" into library xil_defaultlib
INFO: [VRFC 10-3107] analyzing entity 'ROM2'
INFO: [VRFC 10-163] Analyzing VHDL file "C:/Users/catal/OneDrive/Desktop/BlowfishOnBoard/BlowfishOnBoard.srcs/sources_1/new/ROM3.vhd" into library xil_defaultlib
INFO: [VRFC 10-3107] analyzing entity 'ROM3'
INFO: [VRFC 10-163] Analyzing VHDL file "C:/Users/catal/OneDrive/Desktop/BlowfishOnBoard/BlowfishOnBoard.srcs/sources_1/imports/sources_1/new/Selezionatore.vhd" into library xil_defaultlib
INFO: [VRFC 10-3107] analyzing entity 'Selezionatore_2_1'
WARNING: [VRFC 10-3093] actual for formal port 'bit_in' is neither a static name nor a globally static expression [C:/Users/catal/OneDrive/Desktop/BlowfishOnBoard/BlowfishOnBoard.srcs/sources_1/imports/sources_1/new/Selezionatore.vhd:32]
INFO: [VRFC 10-163] Analyzing VHDL file "C:/Users/catal/OneDrive/Desktop/BlowfishOnBoard/BlowfishOnBoard.srcs/sources_1/new/counter.vhd" into library xil_defaultlib
INFO: [VRFC 10-3107] analyzing entity 'counter_n'
INFO: [VRFC 10-163] Analyzing VHDL file "C:/Users/catal/OneDrive/Desktop/BlowfishOnBoard/BlowfishOnBoard.srcs/sources_1/imports/sources_1/imports/Desktop/mux_2_1.vhd" into library xil_defaultlib
INFO: [VRFC 10-3107] analyzing entity 'Mux_2_1'
INFO: [VRFC 10-163] Analyzing VHDL file "C:/Users/catal/OneDrive/Desktop/BlowfishOnBoard/BlowfishOnBoard.srcs/sources_1/new/op_f.vhd" into library xil_defaultlib
INFO: [VRFC 10-3107] analyzing entity 'op_f'
INFO: [VRFC 10-163] Analyzing VHDL file "C:/Users/catal/OneDrive/Desktop/BlowfishOnBoard/BlowfishOnBoard.srcs/sources_1/imports/ES12/register_pp.vhd" into library xil_defaultlib
INFO: [VRFC 10-3107] analyzing entity 'register_pp'
INFO: [VRFC 10-163] Analyzing VHDL file "C:/Users/catal/OneDrive/Desktop/BlowfishOnBoard/BlowfishOnBoard.srcs/sources_1/imports/ES12/register_pp_splited.vhd" into library xil_defaultlib
INFO: [VRFC 10-3107] analyzing entity 'register_pp_splited'
INFO: [VRFC 10-163] Analyzing VHDL file "C:/Users/catal/OneDrive/Desktop/BlowfishOnBoard/BlowfishOnBoard.srcs/sim_1/new/TB_Blowfish.vhd" into library xil_defaultlib
INFO: [VRFC 10-3107] analyzing entity 'TB_Blowfish'
