
*** Running vivado
    with args -log DivisoreOnBoard.vds -m64 -product Vivado -mode batch -messageDb vivado.pb -notrace -source DivisoreOnBoard.tcl



****** Vivado v2022.1 (64-bit)
  **** SW Build 3526262 on Mon Apr 18 15:48:16 MDT 2022
  **** IP Build 3524634 on Mon Apr 18 20:55:01 MDT 2022
    ** Copyright 1986-2022 Xilinx, Inc. All Rights Reserved.

source DivisoreOnBoard.tcl -notrace
create_project: Time (s): cpu = 00:00:07 ; elapsed = 00:00:06 . Memory (MB): peak = 1281.441 ; gain = 7.391
Command: synth_design -top DivisoreOnBoard -part xc7a100tcsg324-1
Starting synth_design
Attempting to get a license for feature 'Synthesis' and/or device 'xc7a100t'
INFO: [Common 17-349] Got license for feature 'Synthesis' and/or device 'xc7a100t'
INFO: [Device 21-403] Loading part xc7a100tcsg324-1
INFO: [Synth 8-7079] Multithreading enabled for synth_design using a maximum of 2 processes.
INFO: [Synth 8-7078] Launching helper process for spawning children vivado processes
INFO: [Synth 8-7075] Helper process launched with PID 3188
---------------------------------------------------------------------------------
Starting RTL Elaboration : Time (s): cpu = 00:00:06 ; elapsed = 00:00:06 . Memory (MB): peak = 1281.441 ; gain = 0.000
---------------------------------------------------------------------------------
WARNING: [Synth 8-9112] actual for formal port 'bit_in' is neither a static name nor a globally static expression [C:/Users/stefa_fil71sc/Desktop/Nuova cartella/Esercizio11_2_DivisoreOnBoard/Esercizio11_2_DivisoreOnBoard.srcs/sources_1/new/Input_manager.vhd:58]
WARNING: [Synth 8-9112] actual for formal port 'x' is neither a static name nor a globally static expression [C:/Users/stefa_fil71sc/Desktop/Nuova cartella/Esercizio11_2_DivisoreOnBoard/Esercizio11_2_DivisoreOnBoard.srcs/sources_1/new/Parte_operativa.vhd:128]
WARNING: [Synth 8-9112] actual for formal port 'data_in' is neither a static name nor a globally static expression [C:/Users/stefa_fil71sc/Desktop/Nuova cartella/Esercizio11_2_DivisoreOnBoard/Esercizio11_2_DivisoreOnBoard.srcs/sources_1/new/Parte_operativa.vhd:138]
WARNING: [Synth 8-9112] actual for formal port 'bit_in' is neither a static name nor a globally static expression [C:/Users/stefa_fil71sc/Desktop/Nuova cartella/Esercizio11_2_DivisoreOnBoard/Esercizio11_2_DivisoreOnBoard.srcs/sources_1/new/Parte_operativa.vhd:139]
WARNING: [Synth 8-9112] actual for formal port 'cin' is neither a static name nor a globally static expression [C:/Users/stefa_fil71sc/Desktop/Nuova cartella/Esercizio11_2_DivisoreOnBoard/Esercizio11_2_DivisoreOnBoard.srcs/sources_1/new/Parte_operativa.vhd:169]
WARNING: [Synth 8-9112] actual for formal port 'bit_in' is neither a static name nor a globally static expression [C:/Users/stefa_fil71sc/Desktop/Nuova cartella/Esercizio11_2_DivisoreOnBoard/Esercizio11_2_DivisoreOnBoard.srcs/sources_1/new/Parte_operativa.vhd:174]
WARNING: [Synth 8-9112] actual for formal port 'bit_in' is neither a static name nor a globally static expression [C:/Users/stefa_fil71sc/Desktop/Nuova cartella/Esercizio11_2_DivisoreOnBoard/Esercizio11_2_DivisoreOnBoard.srcs/sources_1/imports/sources_1/new/Selezionatore.vhd:32]
WARNING: [Synth 8-2551] possible infinite loop; process does not have a wait statement [C:/Users/stefa_fil71sc/Desktop/Nuova cartella/Esercizio11_2_DivisoreOnBoard/Esercizio11_2_DivisoreOnBoard.srcs/sources_1/imports/Downloads/cathodes_manager.vhd:89]
INFO: [Synth 8-638] synthesizing module 'DivisoreOnBoard' [C:/Users/stefa_fil71sc/Desktop/Nuova cartella/Esercizio11_2_DivisoreOnBoard/Esercizio11_2_DivisoreOnBoard.srcs/sources_1/imports/Downloads/DivisoreOnBoard.vhd:22]
INFO: [Synth 8-3491] module 'Input_manager' declared at 'C:/Users/stefa_fil71sc/Desktop/Nuova cartella/Esercizio11_2_DivisoreOnBoard/Esercizio11_2_DivisoreOnBoard.srcs/sources_1/new/Input_manager.vhd:8' bound to instance 'inpMan' of component 'Input_manager' [C:/Users/stefa_fil71sc/Desktop/Nuova cartella/Esercizio11_2_DivisoreOnBoard/Esercizio11_2_DivisoreOnBoard.srcs/sources_1/imports/Downloads/DivisoreOnBoard.vhd:68]
INFO: [Synth 8-638] synthesizing module 'Input_manager' [C:/Users/stefa_fil71sc/Desktop/Nuova cartella/Esercizio11_2_DivisoreOnBoard/Esercizio11_2_DivisoreOnBoard.srcs/sources_1/new/Input_manager.vhd:19]
INFO: [Synth 8-3491] module 'ButtonDebouncer' declared at 'C:/Users/stefa_fil71sc/Desktop/Nuova cartella/Esercizio11_2_DivisoreOnBoard/Esercizio11_2_DivisoreOnBoard.srcs/sources_1/imports/Downloads/ButtonDebouncer.vhd:14' bound to instance 'db' of component 'ButtonDebouncer' [C:/Users/stefa_fil71sc/Desktop/Nuova cartella/Esercizio11_2_DivisoreOnBoard/Esercizio11_2_DivisoreOnBoard.srcs/sources_1/new/Input_manager.vhd:53]
INFO: [Synth 8-638] synthesizing module 'ButtonDebouncer' [C:/Users/stefa_fil71sc/Desktop/Nuova cartella/Esercizio11_2_DivisoreOnBoard/Esercizio11_2_DivisoreOnBoard.srcs/sources_1/imports/Downloads/ButtonDebouncer.vhd:25]
	Parameter CLK_period bound to: 10 - type: integer 
	Parameter btn_noise_time bound to: 10000000 - type: integer 
INFO: [Synth 8-226] default block is never used [C:/Users/stefa_fil71sc/Desktop/Nuova cartella/Esercizio11_2_DivisoreOnBoard/Esercizio11_2_DivisoreOnBoard.srcs/sources_1/imports/Downloads/ButtonDebouncer.vhd:56]
INFO: [Synth 8-256] done synthesizing module 'ButtonDebouncer' (0#1) [C:/Users/stefa_fil71sc/Desktop/Nuova cartella/Esercizio11_2_DivisoreOnBoard/Esercizio11_2_DivisoreOnBoard.srcs/sources_1/imports/Downloads/ButtonDebouncer.vhd:25]
INFO: [Synth 8-3491] module 'Mux_2_1' declared at 'C:/Users/stefa_fil71sc/Desktop/Nuova cartella/Esercizio11_2_DivisoreOnBoard/Esercizio11_2_DivisoreOnBoard.srcs/sources_1/imports/sources_1/imports/Desktop/mux_2_1.vhd:11' bound to instance 'mux' of component 'Mux_2_1' [C:/Users/stefa_fil71sc/Desktop/Nuova cartella/Esercizio11_2_DivisoreOnBoard/Esercizio11_2_DivisoreOnBoard.srcs/sources_1/new/Input_manager.vhd:57]
INFO: [Synth 8-638] synthesizing module 'Mux_2_1' [C:/Users/stefa_fil71sc/Desktop/Nuova cartella/Esercizio11_2_DivisoreOnBoard/Esercizio11_2_DivisoreOnBoard.srcs/sources_1/imports/sources_1/imports/Desktop/mux_2_1.vhd:20]
INFO: [Synth 8-256] done synthesizing module 'Mux_2_1' (0#1) [C:/Users/stefa_fil71sc/Desktop/Nuova cartella/Esercizio11_2_DivisoreOnBoard/Esercizio11_2_DivisoreOnBoard.srcs/sources_1/imports/sources_1/imports/Desktop/mux_2_1.vhd:20]
	Parameter n bound to: 4 - type: integer 
INFO: [Synth 8-3491] module 'Comparatore' declared at 'C:/Users/stefa_fil71sc/Desktop/Nuova cartella/Esercizio11_2_DivisoreOnBoard/Esercizio11_2_DivisoreOnBoard.srcs/sources_1/imports/new/Comparatore.vhd:7' bound to instance 'cmp' of component 'Comparatore' [C:/Users/stefa_fil71sc/Desktop/Nuova cartella/Esercizio11_2_DivisoreOnBoard/Esercizio11_2_DivisoreOnBoard.srcs/sources_1/new/Input_manager.vhd:61]
INFO: [Synth 8-638] synthesizing module 'Comparatore' [C:/Users/stefa_fil71sc/Desktop/Nuova cartella/Esercizio11_2_DivisoreOnBoard/Esercizio11_2_DivisoreOnBoard.srcs/sources_1/imports/new/Comparatore.vhd:18]
	Parameter n bound to: 4 - type: integer 
INFO: [Synth 8-256] done synthesizing module 'Comparatore' (0#1) [C:/Users/stefa_fil71sc/Desktop/Nuova cartella/Esercizio11_2_DivisoreOnBoard/Esercizio11_2_DivisoreOnBoard.srcs/sources_1/imports/new/Comparatore.vhd:18]
INFO: [Synth 8-256] done synthesizing module 'Input_manager' (0#1) [C:/Users/stefa_fil71sc/Desktop/Nuova cartella/Esercizio11_2_DivisoreOnBoard/Esercizio11_2_DivisoreOnBoard.srcs/sources_1/new/Input_manager.vhd:19]
INFO: [Synth 8-3491] module 'DivisoreNonRestoring' declared at 'C:/Users/stefa_fil71sc/Desktop/Nuova cartella/Esercizio11_2_DivisoreOnBoard/Esercizio11_2_DivisoreOnBoard.srcs/sources_1/imports/Downloads/DivisoreNonRestoring.vhd:6' bound to instance 'div' of component 'DivisoreNonRestoring' [C:/Users/stefa_fil71sc/Desktop/Nuova cartella/Esercizio11_2_DivisoreOnBoard/Esercizio11_2_DivisoreOnBoard.srcs/sources_1/imports/Downloads/DivisoreOnBoard.vhd:72]
INFO: [Synth 8-638] synthesizing module 'DivisoreNonRestoring' [C:/Users/stefa_fil71sc/Desktop/Nuova cartella/Esercizio11_2_DivisoreOnBoard/Esercizio11_2_DivisoreOnBoard.srcs/sources_1/imports/Downloads/DivisoreNonRestoring.vhd:19]
INFO: [Synth 8-3491] module 'ControlUnit' declared at 'C:/Users/stefa_fil71sc/Desktop/Nuova cartella/Esercizio11_2_DivisoreOnBoard/Esercizio11_2_DivisoreOnBoard.srcs/sources_1/imports/Downloads/ControlUnit.vhd:26' bound to instance 'PC' of component 'ControlUnit' [C:/Users/stefa_fil71sc/Desktop/Nuova cartella/Esercizio11_2_DivisoreOnBoard/Esercizio11_2_DivisoreOnBoard.srcs/sources_1/imports/Downloads/DivisoreNonRestoring.vhd:72]
INFO: [Synth 8-638] synthesizing module 'ControlUnit' [C:/Users/stefa_fil71sc/Desktop/Nuova cartella/Esercizio11_2_DivisoreOnBoard/Esercizio11_2_DivisoreOnBoard.srcs/sources_1/imports/Downloads/ControlUnit.vhd:45]
INFO: [Synth 8-256] done synthesizing module 'ControlUnit' (0#1) [C:/Users/stefa_fil71sc/Desktop/Nuova cartella/Esercizio11_2_DivisoreOnBoard/Esercizio11_2_DivisoreOnBoard.srcs/sources_1/imports/Downloads/ControlUnit.vhd:45]
INFO: [Synth 8-3491] module 'Parte_operativa' declared at 'C:/Users/stefa_fil71sc/Desktop/Nuova cartella/Esercizio11_2_DivisoreOnBoard/Esercizio11_2_DivisoreOnBoard.srcs/sources_1/new/Parte_operativa.vhd:7' bound to instance 'PO' of component 'Parte_operativa' [C:/Users/stefa_fil71sc/Desktop/Nuova cartella/Esercizio11_2_DivisoreOnBoard/Esercizio11_2_DivisoreOnBoard.srcs/sources_1/imports/Downloads/DivisoreNonRestoring.vhd:90]
INFO: [Synth 8-638] synthesizing module 'Parte_operativa' [C:/Users/stefa_fil71sc/Desktop/Nuova cartella/Esercizio11_2_DivisoreOnBoard/Esercizio11_2_DivisoreOnBoard.srcs/sources_1/new/Parte_operativa.vhd:28]
	Parameter n bound to: 5 - type: integer 
INFO: [Synth 8-3491] module 'register_pp' declared at 'C:/Users/stefa_fil71sc/Desktop/Nuova cartella/Esercizio11_2_DivisoreOnBoard/Esercizio11_2_DivisoreOnBoard.srcs/sources_1/imports/Nuova cartella/reg_pp.vhd:34' bound to instance 'reg_m' of component 'register_pp' [C:/Users/stefa_fil71sc/Desktop/Nuova cartella/Esercizio11_2_DivisoreOnBoard/Esercizio11_2_DivisoreOnBoard.srcs/sources_1/new/Parte_operativa.vhd:124]
INFO: [Synth 8-638] synthesizing module 'register_pp' [C:/Users/stefa_fil71sc/Desktop/Nuova cartella/Esercizio11_2_DivisoreOnBoard/Esercizio11_2_DivisoreOnBoard.srcs/sources_1/imports/Nuova cartella/reg_pp.vhd:48]
	Parameter n bound to: 5 - type: integer 
INFO: [Synth 8-256] done synthesizing module 'register_pp' (0#1) [C:/Users/stefa_fil71sc/Desktop/Nuova cartella/Esercizio11_2_DivisoreOnBoard/Esercizio11_2_DivisoreOnBoard.srcs/sources_1/imports/Nuova cartella/reg_pp.vhd:48]
INFO: [Synth 8-3491] module 'Reg_1' declared at 'C:/Users/stefa_fil71sc/Desktop/Nuova cartella/Esercizio11_2_DivisoreOnBoard/Esercizio11_2_DivisoreOnBoard.srcs/sources_1/new/Reg_1.vhd:34' bound to instance 'reg_q' of component 'Reg_1' [C:/Users/stefa_fil71sc/Desktop/Nuova cartella/Esercizio11_2_DivisoreOnBoard/Esercizio11_2_DivisoreOnBoard.srcs/sources_1/new/Parte_operativa.vhd:132]
INFO: [Synth 8-638] synthesizing module 'Reg_1' [C:/Users/stefa_fil71sc/Desktop/Nuova cartella/Esercizio11_2_DivisoreOnBoard/Esercizio11_2_DivisoreOnBoard.srcs/sources_1/new/Reg_1.vhd:48]
INFO: [Synth 8-256] done synthesizing module 'Reg_1' (0#1) [C:/Users/stefa_fil71sc/Desktop/Nuova cartella/Esercizio11_2_DivisoreOnBoard/Esercizio11_2_DivisoreOnBoard.srcs/sources_1/new/Reg_1.vhd:48]
INFO: [Synth 8-3491] module 'Reg_2' declared at 'C:/Users/stefa_fil71sc/Desktop/Nuova cartella/Esercizio11_2_DivisoreOnBoard/Esercizio11_2_DivisoreOnBoard.srcs/sources_1/new/Reg_2.vhd:7' bound to instance 'reg_a' of component 'Reg_2' [C:/Users/stefa_fil71sc/Desktop/Nuova cartella/Esercizio11_2_DivisoreOnBoard/Esercizio11_2_DivisoreOnBoard.srcs/sources_1/new/Parte_operativa.vhd:145]
INFO: [Synth 8-638] synthesizing module 'Reg_2' [C:/Users/stefa_fil71sc/Desktop/Nuova cartella/Esercizio11_2_DivisoreOnBoard/Esercizio11_2_DivisoreOnBoard.srcs/sources_1/new/Reg_2.vhd:20]
INFO: [Synth 8-256] done synthesizing module 'Reg_2' (0#1) [C:/Users/stefa_fil71sc/Desktop/Nuova cartella/Esercizio11_2_DivisoreOnBoard/Esercizio11_2_DivisoreOnBoard.srcs/sources_1/new/Reg_2.vhd:20]
	Parameter n bound to: 5 - type: integer 
INFO: [Synth 8-3491] module 'Selezionatore_2_1' declared at 'C:/Users/stefa_fil71sc/Desktop/Nuova cartella/Esercizio11_2_DivisoreOnBoard/Esercizio11_2_DivisoreOnBoard.srcs/sources_1/imports/sources_1/new/Selezionatore.vhd:8' bound to instance 'selector' of component 'Selezionatore_2_1' [C:/Users/stefa_fil71sc/Desktop/Nuova cartella/Esercizio11_2_DivisoreOnBoard/Esercizio11_2_DivisoreOnBoard.srcs/sources_1/new/Parte_operativa.vhd:159]
INFO: [Synth 8-638] synthesizing module 'Selezionatore_2_1' [C:/Users/stefa_fil71sc/Desktop/Nuova cartella/Esercizio11_2_DivisoreOnBoard/Esercizio11_2_DivisoreOnBoard.srcs/sources_1/imports/sources_1/new/Selezionatore.vhd:20]
	Parameter n bound to: 5 - type: integer 
INFO: [Synth 8-3491] module 'Mux_2_1' declared at 'C:/Users/stefa_fil71sc/Desktop/Nuova cartella/Esercizio11_2_DivisoreOnBoard/Esercizio11_2_DivisoreOnBoard.srcs/sources_1/imports/sources_1/imports/Desktop/mux_2_1.vhd:11' bound to instance 'mux_i' of component 'Mux_2_1' [C:/Users/stefa_fil71sc/Desktop/Nuova cartella/Esercizio11_2_DivisoreOnBoard/Esercizio11_2_DivisoreOnBoard.srcs/sources_1/imports/sources_1/new/Selezionatore.vhd:31]
INFO: [Synth 8-3491] module 'Mux_2_1' declared at 'C:/Users/stefa_fil71sc/Desktop/Nuova cartella/Esercizio11_2_DivisoreOnBoard/Esercizio11_2_DivisoreOnBoard.srcs/sources_1/imports/sources_1/imports/Desktop/mux_2_1.vhd:11' bound to instance 'mux_i' of component 'Mux_2_1' [C:/Users/stefa_fil71sc/Desktop/Nuova cartella/Esercizio11_2_DivisoreOnBoard/Esercizio11_2_DivisoreOnBoard.srcs/sources_1/imports/sources_1/new/Selezionatore.vhd:31]
INFO: [Synth 8-3491] module 'Mux_2_1' declared at 'C:/Users/stefa_fil71sc/Desktop/Nuova cartella/Esercizio11_2_DivisoreOnBoard/Esercizio11_2_DivisoreOnBoard.srcs/sources_1/imports/sources_1/imports/Desktop/mux_2_1.vhd:11' bound to instance 'mux_i' of component 'Mux_2_1' [C:/Users/stefa_fil71sc/Desktop/Nuova cartella/Esercizio11_2_DivisoreOnBoard/Esercizio11_2_DivisoreOnBoard.srcs/sources_1/imports/sources_1/new/Selezionatore.vhd:31]
INFO: [Synth 8-3491] module 'Mux_2_1' declared at 'C:/Users/stefa_fil71sc/Desktop/Nuova cartella/Esercizio11_2_DivisoreOnBoard/Esercizio11_2_DivisoreOnBoard.srcs/sources_1/imports/sources_1/imports/Desktop/mux_2_1.vhd:11' bound to instance 'mux_i' of component 'Mux_2_1' [C:/Users/stefa_fil71sc/Desktop/Nuova cartella/Esercizio11_2_DivisoreOnBoard/Esercizio11_2_DivisoreOnBoard.srcs/sources_1/imports/sources_1/new/Selezionatore.vhd:31]
INFO: [Synth 8-3491] module 'Mux_2_1' declared at 'C:/Users/stefa_fil71sc/Desktop/Nuova cartella/Esercizio11_2_DivisoreOnBoard/Esercizio11_2_DivisoreOnBoard.srcs/sources_1/imports/sources_1/imports/Desktop/mux_2_1.vhd:11' bound to instance 'mux_i' of component 'Mux_2_1' [C:/Users/stefa_fil71sc/Desktop/Nuova cartella/Esercizio11_2_DivisoreOnBoard/Esercizio11_2_DivisoreOnBoard.srcs/sources_1/imports/sources_1/new/Selezionatore.vhd:31]
INFO: [Synth 8-256] done synthesizing module 'Selezionatore_2_1' (0#1) [C:/Users/stefa_fil71sc/Desktop/Nuova cartella/Esercizio11_2_DivisoreOnBoard/Esercizio11_2_DivisoreOnBoard.srcs/sources_1/imports/sources_1/new/Selezionatore.vhd:20]
INFO: [Synth 8-3491] module 'adder_sub' declared at 'C:/Users/stefa_fil71sc/Desktop/Nuova cartella/Esercizio11_2_DivisoreOnBoard/Esercizio11_2_DivisoreOnBoard.srcs/sources_1/imports/Nuova cartella/adder_sub.vhd:4' bound to instance 'add' of component 'adder_sub' [C:/Users/stefa_fil71sc/Desktop/Nuova cartella/Esercizio11_2_DivisoreOnBoard/Esercizio11_2_DivisoreOnBoard.srcs/sources_1/new/Parte_operativa.vhd:166]
INFO: [Synth 8-638] synthesizing module 'adder_sub' [C:/Users/stefa_fil71sc/Desktop/Nuova cartella/Esercizio11_2_DivisoreOnBoard/Esercizio11_2_DivisoreOnBoard.srcs/sources_1/imports/Nuova cartella/adder_sub.vhd:11]
INFO: [Synth 8-3491] module 'ripple_carry' declared at 'C:/Users/stefa_fil71sc/Desktop/Nuova cartella/Esercizio11_2_DivisoreOnBoard/Esercizio11_2_DivisoreOnBoard.srcs/sources_1/imports/Nuova cartella/ripple_carry.vhd:4' bound to instance 'RA' of component 'ripple_carry' [C:/Users/stefa_fil71sc/Desktop/Nuova cartella/Esercizio11_2_DivisoreOnBoard/Esercizio11_2_DivisoreOnBoard.srcs/sources_1/imports/Nuova cartella/adder_sub.vhd:27]
INFO: [Synth 8-638] synthesizing module 'ripple_carry' [C:/Users/stefa_fil71sc/Desktop/Nuova cartella/Esercizio11_2_DivisoreOnBoard/Esercizio11_2_DivisoreOnBoard.srcs/sources_1/imports/Nuova cartella/ripple_carry.vhd:11]
INFO: [Synth 8-3491] module 'full_adder' declared at 'C:/Users/stefa_fil71sc/Desktop/Nuova cartella/Esercizio11_2_DivisoreOnBoard/Esercizio11_2_DivisoreOnBoard.srcs/sources_1/imports/Downloads/full_adder.vhd:4' bound to instance 'RA0' of component 'full_adder' [C:/Users/stefa_fil71sc/Desktop/Nuova cartella/Esercizio11_2_DivisoreOnBoard/Esercizio11_2_DivisoreOnBoard.srcs/sources_1/imports/Nuova cartella/ripple_carry.vhd:23]
INFO: [Synth 8-638] synthesizing module 'full_adder' [C:/Users/stefa_fil71sc/Desktop/Nuova cartella/Esercizio11_2_DivisoreOnBoard/Esercizio11_2_DivisoreOnBoard.srcs/sources_1/imports/Downloads/full_adder.vhd:12]
INFO: [Synth 8-256] done synthesizing module 'full_adder' (0#1) [C:/Users/stefa_fil71sc/Desktop/Nuova cartella/Esercizio11_2_DivisoreOnBoard/Esercizio11_2_DivisoreOnBoard.srcs/sources_1/imports/Downloads/full_adder.vhd:12]
INFO: [Synth 8-3491] module 'full_adder' declared at 'C:/Users/stefa_fil71sc/Desktop/Nuova cartella/Esercizio11_2_DivisoreOnBoard/Esercizio11_2_DivisoreOnBoard.srcs/sources_1/imports/Downloads/full_adder.vhd:4' bound to instance 'RA' of component 'full_adder' [C:/Users/stefa_fil71sc/Desktop/Nuova cartella/Esercizio11_2_DivisoreOnBoard/Esercizio11_2_DivisoreOnBoard.srcs/sources_1/imports/Nuova cartella/ripple_carry.vhd:26]
INFO: [Synth 8-3491] module 'full_adder' declared at 'C:/Users/stefa_fil71sc/Desktop/Nuova cartella/Esercizio11_2_DivisoreOnBoard/Esercizio11_2_DivisoreOnBoard.srcs/sources_1/imports/Downloads/full_adder.vhd:4' bound to instance 'RA' of component 'full_adder' [C:/Users/stefa_fil71sc/Desktop/Nuova cartella/Esercizio11_2_DivisoreOnBoard/Esercizio11_2_DivisoreOnBoard.srcs/sources_1/imports/Nuova cartella/ripple_carry.vhd:26]
INFO: [Synth 8-3491] module 'full_adder' declared at 'C:/Users/stefa_fil71sc/Desktop/Nuova cartella/Esercizio11_2_DivisoreOnBoard/Esercizio11_2_DivisoreOnBoard.srcs/sources_1/imports/Downloads/full_adder.vhd:4' bound to instance 'RA' of component 'full_adder' [C:/Users/stefa_fil71sc/Desktop/Nuova cartella/Esercizio11_2_DivisoreOnBoard/Esercizio11_2_DivisoreOnBoard.srcs/sources_1/imports/Nuova cartella/ripple_carry.vhd:26]
INFO: [Synth 8-3491] module 'full_adder' declared at 'C:/Users/stefa_fil71sc/Desktop/Nuova cartella/Esercizio11_2_DivisoreOnBoard/Esercizio11_2_DivisoreOnBoard.srcs/sources_1/imports/Downloads/full_adder.vhd:4' bound to instance 'RA4' of component 'full_adder' [C:/Users/stefa_fil71sc/Desktop/Nuova cartella/Esercizio11_2_DivisoreOnBoard/Esercizio11_2_DivisoreOnBoard.srcs/sources_1/imports/Nuova cartella/ripple_carry.vhd:29]
INFO: [Synth 8-256] done synthesizing module 'ripple_carry' (0#1) [C:/Users/stefa_fil71sc/Desktop/Nuova cartella/Esercizio11_2_DivisoreOnBoard/Esercizio11_2_DivisoreOnBoard.srcs/sources_1/imports/Nuova cartella/ripple_carry.vhd:11]
INFO: [Synth 8-256] done synthesizing module 'adder_sub' (0#1) [C:/Users/stefa_fil71sc/Desktop/Nuova cartella/Esercizio11_2_DivisoreOnBoard/Esercizio11_2_DivisoreOnBoard.srcs/sources_1/imports/Nuova cartella/adder_sub.vhd:11]
INFO: [Synth 8-3491] module 'Mux_2_1' declared at 'C:/Users/stefa_fil71sc/Desktop/Nuova cartella/Esercizio11_2_DivisoreOnBoard/Esercizio11_2_DivisoreOnBoard.srcs/sources_1/imports/sources_1/imports/Desktop/mux_2_1.vhd:11' bound to instance 'mux' of component 'Mux_2_1' [C:/Users/stefa_fil71sc/Desktop/Nuova cartella/Esercizio11_2_DivisoreOnBoard/Esercizio11_2_DivisoreOnBoard.srcs/sources_1/new/Parte_operativa.vhd:173]
INFO: [Synth 8-3491] module 'FFD' declared at 'C:/Users/stefa_fil71sc/Desktop/Nuova cartella/Esercizio11_2_DivisoreOnBoard/Esercizio11_2_DivisoreOnBoard.srcs/sources_1/imports/Nuova cartella/FFD.vhd:4' bound to instance 'ff_s' of component 'FFD' [C:/Users/stefa_fil71sc/Desktop/Nuova cartella/Esercizio11_2_DivisoreOnBoard/Esercizio11_2_DivisoreOnBoard.srcs/sources_1/new/Parte_operativa.vhd:177]
INFO: [Synth 8-638] synthesizing module 'FFD' [C:/Users/stefa_fil71sc/Desktop/Nuova cartella/Esercizio11_2_DivisoreOnBoard/Esercizio11_2_DivisoreOnBoard.srcs/sources_1/imports/Nuova cartella/FFD.vhd:9]
INFO: [Synth 8-256] done synthesizing module 'FFD' (0#1) [C:/Users/stefa_fil71sc/Desktop/Nuova cartella/Esercizio11_2_DivisoreOnBoard/Esercizio11_2_DivisoreOnBoard.srcs/sources_1/imports/Nuova cartella/FFD.vhd:9]
INFO: [Synth 8-3491] module 'counter_n' declared at 'C:/Users/stefa_fil71sc/Desktop/Nuova cartella/Esercizio11_2_DivisoreOnBoard/Esercizio11_2_DivisoreOnBoard.srcs/sources_1/imports/Downloads/counter.vhd:6' bound to instance 'cont' of component 'counter_n' [C:/Users/stefa_fil71sc/Desktop/Nuova cartella/Esercizio11_2_DivisoreOnBoard/Esercizio11_2_DivisoreOnBoard.srcs/sources_1/new/Parte_operativa.vhd:183]
INFO: [Synth 8-638] synthesizing module 'counter_n' [C:/Users/stefa_fil71sc/Desktop/Nuova cartella/Esercizio11_2_DivisoreOnBoard/Esercizio11_2_DivisoreOnBoard.srcs/sources_1/imports/Downloads/counter.vhd:17]
	Parameter n bound to: 5 - type: integer 
INFO: [Synth 8-256] done synthesizing module 'counter_n' (0#1) [C:/Users/stefa_fil71sc/Desktop/Nuova cartella/Esercizio11_2_DivisoreOnBoard/Esercizio11_2_DivisoreOnBoard.srcs/sources_1/imports/Downloads/counter.vhd:17]
INFO: [Synth 8-256] done synthesizing module 'Parte_operativa' (0#1) [C:/Users/stefa_fil71sc/Desktop/Nuova cartella/Esercizio11_2_DivisoreOnBoard/Esercizio11_2_DivisoreOnBoard.srcs/sources_1/new/Parte_operativa.vhd:28]
INFO: [Synth 8-256] done synthesizing module 'DivisoreNonRestoring' (0#1) [C:/Users/stefa_fil71sc/Desktop/Nuova cartella/Esercizio11_2_DivisoreOnBoard/Esercizio11_2_DivisoreOnBoard.srcs/sources_1/imports/Downloads/DivisoreNonRestoring.vhd:19]
INFO: [Synth 8-3491] module 'Output_manager' declared at 'C:/Users/stefa_fil71sc/Desktop/Nuova cartella/Esercizio11_2_DivisoreOnBoard/Esercizio11_2_DivisoreOnBoard.srcs/sources_1/new/Output_manager.vhd:8' bound to instance 'outMan' of component 'Output_manager' [C:/Users/stefa_fil71sc/Desktop/Nuova cartella/Esercizio11_2_DivisoreOnBoard/Esercizio11_2_DivisoreOnBoard.srcs/sources_1/imports/Downloads/DivisoreOnBoard.vhd:84]
INFO: [Synth 8-638] synthesizing module 'Output_manager' [C:/Users/stefa_fil71sc/Desktop/Nuova cartella/Esercizio11_2_DivisoreOnBoard/Esercizio11_2_DivisoreOnBoard.srcs/sources_1/new/Output_manager.vhd:20]
	Parameter n bound to: 4 - type: integer 
INFO: [Synth 8-3491] module 'Selezionatore_2_1' declared at 'C:/Users/stefa_fil71sc/Desktop/Nuova cartella/Esercizio11_2_DivisoreOnBoard/Esercizio11_2_DivisoreOnBoard.srcs/sources_1/imports/sources_1/new/Selezionatore.vhd:8' bound to instance 'sel1' of component 'Selezionatore_2_1' [C:/Users/stefa_fil71sc/Desktop/Nuova cartella/Esercizio11_2_DivisoreOnBoard/Esercizio11_2_DivisoreOnBoard.srcs/sources_1/new/Output_manager.vhd:60]
INFO: [Synth 8-638] synthesizing module 'Selezionatore_2_1__parameterized1' [C:/Users/stefa_fil71sc/Desktop/Nuova cartella/Esercizio11_2_DivisoreOnBoard/Esercizio11_2_DivisoreOnBoard.srcs/sources_1/imports/sources_1/new/Selezionatore.vhd:20]
	Parameter n bound to: 4 - type: integer 
INFO: [Synth 8-3491] module 'Mux_2_1' declared at 'C:/Users/stefa_fil71sc/Desktop/Nuova cartella/Esercizio11_2_DivisoreOnBoard/Esercizio11_2_DivisoreOnBoard.srcs/sources_1/imports/sources_1/imports/Desktop/mux_2_1.vhd:11' bound to instance 'mux_i' of component 'Mux_2_1' [C:/Users/stefa_fil71sc/Desktop/Nuova cartella/Esercizio11_2_DivisoreOnBoard/Esercizio11_2_DivisoreOnBoard.srcs/sources_1/imports/sources_1/new/Selezionatore.vhd:31]
INFO: [Synth 8-3491] module 'Mux_2_1' declared at 'C:/Users/stefa_fil71sc/Desktop/Nuova cartella/Esercizio11_2_DivisoreOnBoard/Esercizio11_2_DivisoreOnBoard.srcs/sources_1/imports/sources_1/imports/Desktop/mux_2_1.vhd:11' bound to instance 'mux_i' of component 'Mux_2_1' [C:/Users/stefa_fil71sc/Desktop/Nuova cartella/Esercizio11_2_DivisoreOnBoard/Esercizio11_2_DivisoreOnBoard.srcs/sources_1/imports/sources_1/new/Selezionatore.vhd:31]
INFO: [Synth 8-3491] module 'Mux_2_1' declared at 'C:/Users/stefa_fil71sc/Desktop/Nuova cartella/Esercizio11_2_DivisoreOnBoard/Esercizio11_2_DivisoreOnBoard.srcs/sources_1/imports/sources_1/imports/Desktop/mux_2_1.vhd:11' bound to instance 'mux_i' of component 'Mux_2_1' [C:/Users/stefa_fil71sc/Desktop/Nuova cartella/Esercizio11_2_DivisoreOnBoard/Esercizio11_2_DivisoreOnBoard.srcs/sources_1/imports/sources_1/new/Selezionatore.vhd:31]
INFO: [Synth 8-3491] module 'Mux_2_1' declared at 'C:/Users/stefa_fil71sc/Desktop/Nuova cartella/Esercizio11_2_DivisoreOnBoard/Esercizio11_2_DivisoreOnBoard.srcs/sources_1/imports/sources_1/imports/Desktop/mux_2_1.vhd:11' bound to instance 'mux_i' of component 'Mux_2_1' [C:/Users/stefa_fil71sc/Desktop/Nuova cartella/Esercizio11_2_DivisoreOnBoard/Esercizio11_2_DivisoreOnBoard.srcs/sources_1/imports/sources_1/new/Selezionatore.vhd:31]
INFO: [Synth 8-256] done synthesizing module 'Selezionatore_2_1__parameterized1' (0#1) [C:/Users/stefa_fil71sc/Desktop/Nuova cartella/Esercizio11_2_DivisoreOnBoard/Esercizio11_2_DivisoreOnBoard.srcs/sources_1/imports/sources_1/new/Selezionatore.vhd:20]
	Parameter n bound to: 4 - type: integer 
INFO: [Synth 8-3491] module 'Selezionatore_2_1' declared at 'C:/Users/stefa_fil71sc/Desktop/Nuova cartella/Esercizio11_2_DivisoreOnBoard/Esercizio11_2_DivisoreOnBoard.srcs/sources_1/imports/sources_1/new/Selezionatore.vhd:8' bound to instance 'sel2' of component 'Selezionatore_2_1' [C:/Users/stefa_fil71sc/Desktop/Nuova cartella/Esercizio11_2_DivisoreOnBoard/Esercizio11_2_DivisoreOnBoard.srcs/sources_1/new/Output_manager.vhd:64]
INFO: [Synth 8-3491] module 'Encoder' declared at 'C:/Users/stefa_fil71sc/Desktop/Nuova cartella/Esercizio11_2_DivisoreOnBoard/Esercizio11_2_DivisoreOnBoard.srcs/sources_1/new/Encoder.vhd:9' bound to instance 'enc' of component 'Encoder' [C:/Users/stefa_fil71sc/Desktop/Nuova cartella/Esercizio11_2_DivisoreOnBoard/Esercizio11_2_DivisoreOnBoard.srcs/sources_1/new/Output_manager.vhd:67]
INFO: [Synth 8-638] synthesizing module 'Encoder' [C:/Users/stefa_fil71sc/Desktop/Nuova cartella/Esercizio11_2_DivisoreOnBoard/Esercizio11_2_DivisoreOnBoard.srcs/sources_1/new/Encoder.vhd:17]
WARNING: [Synth 8-153] case item 31'b0000000000000000000000000010100 will never be executed [C:/Users/stefa_fil71sc/Desktop/Nuova cartella/Esercizio11_2_DivisoreOnBoard/Esercizio11_2_DivisoreOnBoard.srcs/sources_1/new/Encoder.vhd:25]
WARNING: [Synth 8-153] case item 31'b0000000000000000000000000011110 will never be executed [C:/Users/stefa_fil71sc/Desktop/Nuova cartella/Esercizio11_2_DivisoreOnBoard/Esercizio11_2_DivisoreOnBoard.srcs/sources_1/new/Encoder.vhd:25]
WARNING: [Synth 8-153] case item 31'b0000000000000000000000000101000 will never be executed [C:/Users/stefa_fil71sc/Desktop/Nuova cartella/Esercizio11_2_DivisoreOnBoard/Esercizio11_2_DivisoreOnBoard.srcs/sources_1/new/Encoder.vhd:25]
WARNING: [Synth 8-153] case item 31'b0000000000000000000000000110010 will never be executed [C:/Users/stefa_fil71sc/Desktop/Nuova cartella/Esercizio11_2_DivisoreOnBoard/Esercizio11_2_DivisoreOnBoard.srcs/sources_1/new/Encoder.vhd:25]
WARNING: [Synth 8-153] case item 31'b0000000000000000000000000010101 will never be executed [C:/Users/stefa_fil71sc/Desktop/Nuova cartella/Esercizio11_2_DivisoreOnBoard/Esercizio11_2_DivisoreOnBoard.srcs/sources_1/new/Encoder.vhd:25]
WARNING: [Synth 8-153] case item 31'b0000000000000000000000000011111 will never be executed [C:/Users/stefa_fil71sc/Desktop/Nuova cartella/Esercizio11_2_DivisoreOnBoard/Esercizio11_2_DivisoreOnBoard.srcs/sources_1/new/Encoder.vhd:25]
WARNING: [Synth 8-153] case item 31'b0000000000000000000000000101001 will never be executed [C:/Users/stefa_fil71sc/Desktop/Nuova cartella/Esercizio11_2_DivisoreOnBoard/Esercizio11_2_DivisoreOnBoard.srcs/sources_1/new/Encoder.vhd:25]
WARNING: [Synth 8-153] case item 31'b0000000000000000000000000110011 will never be executed [C:/Users/stefa_fil71sc/Desktop/Nuova cartella/Esercizio11_2_DivisoreOnBoard/Esercizio11_2_DivisoreOnBoard.srcs/sources_1/new/Encoder.vhd:25]
WARNING: [Synth 8-153] case item 31'b0000000000000000000000000010110 will never be executed [C:/Users/stefa_fil71sc/Desktop/Nuova cartella/Esercizio11_2_DivisoreOnBoard/Esercizio11_2_DivisoreOnBoard.srcs/sources_1/new/Encoder.vhd:25]
WARNING: [Synth 8-153] case item 31'b0000000000000000000000000100000 will never be executed [C:/Users/stefa_fil71sc/Desktop/Nuova cartella/Esercizio11_2_DivisoreOnBoard/Esercizio11_2_DivisoreOnBoard.srcs/sources_1/new/Encoder.vhd:25]
WARNING: [Synth 8-153] case item 31'b0000000000000000000000000101010 will never be executed [C:/Users/stefa_fil71sc/Desktop/Nuova cartella/Esercizio11_2_DivisoreOnBoard/Esercizio11_2_DivisoreOnBoard.srcs/sources_1/new/Encoder.vhd:25]
WARNING: [Synth 8-153] case item 31'b0000000000000000000000000110100 will never be executed [C:/Users/stefa_fil71sc/Desktop/Nuova cartella/Esercizio11_2_DivisoreOnBoard/Esercizio11_2_DivisoreOnBoard.srcs/sources_1/new/Encoder.vhd:25]
WARNING: [Synth 8-153] case item 31'b0000000000000000000000000010111 will never be executed [C:/Users/stefa_fil71sc/Desktop/Nuova cartella/Esercizio11_2_DivisoreOnBoard/Esercizio11_2_DivisoreOnBoard.srcs/sources_1/new/Encoder.vhd:25]
WARNING: [Synth 8-153] case item 31'b0000000000000000000000000100001 will never be executed [C:/Users/stefa_fil71sc/Desktop/Nuova cartella/Esercizio11_2_DivisoreOnBoard/Esercizio11_2_DivisoreOnBoard.srcs/sources_1/new/Encoder.vhd:25]
WARNING: [Synth 8-153] case item 31'b0000000000000000000000000101011 will never be executed [C:/Users/stefa_fil71sc/Desktop/Nuova cartella/Esercizio11_2_DivisoreOnBoard/Esercizio11_2_DivisoreOnBoard.srcs/sources_1/new/Encoder.vhd:25]
WARNING: [Synth 8-153] case item 31'b0000000000000000000000000110101 will never be executed [C:/Users/stefa_fil71sc/Desktop/Nuova cartella/Esercizio11_2_DivisoreOnBoard/Esercizio11_2_DivisoreOnBoard.srcs/sources_1/new/Encoder.vhd:25]
WARNING: [Synth 8-153] case item 31'b0000000000000000000000000011000 will never be executed [C:/Users/stefa_fil71sc/Desktop/Nuova cartella/Esercizio11_2_DivisoreOnBoard/Esercizio11_2_DivisoreOnBoard.srcs/sources_1/new/Encoder.vhd:25]
WARNING: [Synth 8-153] case item 31'b0000000000000000000000000100010 will never be executed [C:/Users/stefa_fil71sc/Desktop/Nuova cartella/Esercizio11_2_DivisoreOnBoard/Esercizio11_2_DivisoreOnBoard.srcs/sources_1/new/Encoder.vhd:25]
WARNING: [Synth 8-153] case item 31'b0000000000000000000000000101100 will never be executed [C:/Users/stefa_fil71sc/Desktop/Nuova cartella/Esercizio11_2_DivisoreOnBoard/Esercizio11_2_DivisoreOnBoard.srcs/sources_1/new/Encoder.vhd:25]
WARNING: [Synth 8-153] case item 31'b0000000000000000000000000110110 will never be executed [C:/Users/stefa_fil71sc/Desktop/Nuova cartella/Esercizio11_2_DivisoreOnBoard/Esercizio11_2_DivisoreOnBoard.srcs/sources_1/new/Encoder.vhd:25]
WARNING: [Synth 8-153] case item 31'b0000000000000000000000000011001 will never be executed [C:/Users/stefa_fil71sc/Desktop/Nuova cartella/Esercizio11_2_DivisoreOnBoard/Esercizio11_2_DivisoreOnBoard.srcs/sources_1/new/Encoder.vhd:25]
WARNING: [Synth 8-153] case item 31'b0000000000000000000000000100011 will never be executed [C:/Users/stefa_fil71sc/Desktop/Nuova cartella/Esercizio11_2_DivisoreOnBoard/Esercizio11_2_DivisoreOnBoard.srcs/sources_1/new/Encoder.vhd:25]
WARNING: [Synth 8-153] case item 31'b0000000000000000000000000101101 will never be executed [C:/Users/stefa_fil71sc/Desktop/Nuova cartella/Esercizio11_2_DivisoreOnBoard/Esercizio11_2_DivisoreOnBoard.srcs/sources_1/new/Encoder.vhd:25]
WARNING: [Synth 8-153] case item 31'b0000000000000000000000000110111 will never be executed [C:/Users/stefa_fil71sc/Desktop/Nuova cartella/Esercizio11_2_DivisoreOnBoard/Esercizio11_2_DivisoreOnBoard.srcs/sources_1/new/Encoder.vhd:25]
WARNING: [Synth 8-153] case item 31'b0000000000000000000000000010000 will never be executed [C:/Users/stefa_fil71sc/Desktop/Nuova cartella/Esercizio11_2_DivisoreOnBoard/Esercizio11_2_DivisoreOnBoard.srcs/sources_1/new/Encoder.vhd:25]
WARNING: [Synth 8-153] case item 31'b0000000000000000000000000011010 will never be executed [C:/Users/stefa_fil71sc/Desktop/Nuova cartella/Esercizio11_2_DivisoreOnBoard/Esercizio11_2_DivisoreOnBoard.srcs/sources_1/new/Encoder.vhd:25]
WARNING: [Synth 8-153] case item 31'b0000000000000000000000000100100 will never be executed [C:/Users/stefa_fil71sc/Desktop/Nuova cartella/Esercizio11_2_DivisoreOnBoard/Esercizio11_2_DivisoreOnBoard.srcs/sources_1/new/Encoder.vhd:25]
WARNING: [Synth 8-153] case item 31'b0000000000000000000000000101110 will never be executed [C:/Users/stefa_fil71sc/Desktop/Nuova cartella/Esercizio11_2_DivisoreOnBoard/Esercizio11_2_DivisoreOnBoard.srcs/sources_1/new/Encoder.vhd:25]
WARNING: [Synth 8-153] case item 31'b0000000000000000000000000111000 will never be executed [C:/Users/stefa_fil71sc/Desktop/Nuova cartella/Esercizio11_2_DivisoreOnBoard/Esercizio11_2_DivisoreOnBoard.srcs/sources_1/new/Encoder.vhd:25]
WARNING: [Synth 8-153] case item 31'b0000000000000000000000000010001 will never be executed [C:/Users/stefa_fil71sc/Desktop/Nuova cartella/Esercizio11_2_DivisoreOnBoard/Esercizio11_2_DivisoreOnBoard.srcs/sources_1/new/Encoder.vhd:25]
WARNING: [Synth 8-153] case item 31'b0000000000000000000000000011011 will never be executed [C:/Users/stefa_fil71sc/Desktop/Nuova cartella/Esercizio11_2_DivisoreOnBoard/Esercizio11_2_DivisoreOnBoard.srcs/sources_1/new/Encoder.vhd:25]
WARNING: [Synth 8-153] case item 31'b0000000000000000000000000100101 will never be executed [C:/Users/stefa_fil71sc/Desktop/Nuova cartella/Esercizio11_2_DivisoreOnBoard/Esercizio11_2_DivisoreOnBoard.srcs/sources_1/new/Encoder.vhd:25]
WARNING: [Synth 8-153] case item 31'b0000000000000000000000000101111 will never be executed [C:/Users/stefa_fil71sc/Desktop/Nuova cartella/Esercizio11_2_DivisoreOnBoard/Esercizio11_2_DivisoreOnBoard.srcs/sources_1/new/Encoder.vhd:25]
WARNING: [Synth 8-153] case item 31'b0000000000000000000000000111001 will never be executed [C:/Users/stefa_fil71sc/Desktop/Nuova cartella/Esercizio11_2_DivisoreOnBoard/Esercizio11_2_DivisoreOnBoard.srcs/sources_1/new/Encoder.vhd:25]
WARNING: [Synth 8-153] case item 31'b0000000000000000000000000010010 will never be executed [C:/Users/stefa_fil71sc/Desktop/Nuova cartella/Esercizio11_2_DivisoreOnBoard/Esercizio11_2_DivisoreOnBoard.srcs/sources_1/new/Encoder.vhd:25]
WARNING: [Synth 8-153] case item 31'b0000000000000000000000000011100 will never be executed [C:/Users/stefa_fil71sc/Desktop/Nuova cartella/Esercizio11_2_DivisoreOnBoard/Esercizio11_2_DivisoreOnBoard.srcs/sources_1/new/Encoder.vhd:25]
WARNING: [Synth 8-153] case item 31'b0000000000000000000000000100110 will never be executed [C:/Users/stefa_fil71sc/Desktop/Nuova cartella/Esercizio11_2_DivisoreOnBoard/Esercizio11_2_DivisoreOnBoard.srcs/sources_1/new/Encoder.vhd:25]
WARNING: [Synth 8-153] case item 31'b0000000000000000000000000110000 will never be executed [C:/Users/stefa_fil71sc/Desktop/Nuova cartella/Esercizio11_2_DivisoreOnBoard/Esercizio11_2_DivisoreOnBoard.srcs/sources_1/new/Encoder.vhd:25]
WARNING: [Synth 8-153] case item 31'b0000000000000000000000000111010 will never be executed [C:/Users/stefa_fil71sc/Desktop/Nuova cartella/Esercizio11_2_DivisoreOnBoard/Esercizio11_2_DivisoreOnBoard.srcs/sources_1/new/Encoder.vhd:25]
WARNING: [Synth 8-153] case item 31'b0000000000000000000000000010011 will never be executed [C:/Users/stefa_fil71sc/Desktop/Nuova cartella/Esercizio11_2_DivisoreOnBoard/Esercizio11_2_DivisoreOnBoard.srcs/sources_1/new/Encoder.vhd:25]
WARNING: [Synth 8-153] case item 31'b0000000000000000000000000011101 will never be executed [C:/Users/stefa_fil71sc/Desktop/Nuova cartella/Esercizio11_2_DivisoreOnBoard/Esercizio11_2_DivisoreOnBoard.srcs/sources_1/new/Encoder.vhd:25]
WARNING: [Synth 8-153] case item 31'b0000000000000000000000000100111 will never be executed [C:/Users/stefa_fil71sc/Desktop/Nuova cartella/Esercizio11_2_DivisoreOnBoard/Esercizio11_2_DivisoreOnBoard.srcs/sources_1/new/Encoder.vhd:25]
WARNING: [Synth 8-153] case item 31'b0000000000000000000000000110001 will never be executed [C:/Users/stefa_fil71sc/Desktop/Nuova cartella/Esercizio11_2_DivisoreOnBoard/Esercizio11_2_DivisoreOnBoard.srcs/sources_1/new/Encoder.vhd:25]
WARNING: [Synth 8-153] case item 31'b0000000000000000000000000111011 will never be executed [C:/Users/stefa_fil71sc/Desktop/Nuova cartella/Esercizio11_2_DivisoreOnBoard/Esercizio11_2_DivisoreOnBoard.srcs/sources_1/new/Encoder.vhd:25]
INFO: [Synth 8-226] default block is never used [C:/Users/stefa_fil71sc/Desktop/Nuova cartella/Esercizio11_2_DivisoreOnBoard/Esercizio11_2_DivisoreOnBoard.srcs/sources_1/new/Encoder.vhd:25]
WARNING: [Synth 8-5830] Case choice is outside the range of select [C:/Users/stefa_fil71sc/Desktop/Nuova cartella/Esercizio11_2_DivisoreOnBoard/Esercizio11_2_DivisoreOnBoard.srcs/sources_1/new/Encoder.vhd:40]
WARNING: [Synth 8-5830] Case choice is outside the range of select [C:/Users/stefa_fil71sc/Desktop/Nuova cartella/Esercizio11_2_DivisoreOnBoard/Esercizio11_2_DivisoreOnBoard.srcs/sources_1/new/Encoder.vhd:41]
WARNING: [Synth 8-5830] Case choice is outside the range of select [C:/Users/stefa_fil71sc/Desktop/Nuova cartella/Esercizio11_2_DivisoreOnBoard/Esercizio11_2_DivisoreOnBoard.srcs/sources_1/new/Encoder.vhd:42]
WARNING: [Synth 8-5830] Case choice is outside the range of select [C:/Users/stefa_fil71sc/Desktop/Nuova cartella/Esercizio11_2_DivisoreOnBoard/Esercizio11_2_DivisoreOnBoard.srcs/sources_1/new/Encoder.vhd:43]
WARNING: [Synth 8-5830] Case choice is outside the range of select [C:/Users/stefa_fil71sc/Desktop/Nuova cartella/Esercizio11_2_DivisoreOnBoard/Esercizio11_2_DivisoreOnBoard.srcs/sources_1/new/Encoder.vhd:44]
WARNING: [Synth 8-153] case item 31'b0000000000000000000000000010000 will never be executed [C:/Users/stefa_fil71sc/Desktop/Nuova cartella/Esercizio11_2_DivisoreOnBoard/Esercizio11_2_DivisoreOnBoard.srcs/sources_1/new/Encoder.vhd:38]
WARNING: [Synth 8-153] case item 31'b0000000000000000000000000010001 will never be executed [C:/Users/stefa_fil71sc/Desktop/Nuova cartella/Esercizio11_2_DivisoreOnBoard/Esercizio11_2_DivisoreOnBoard.srcs/sources_1/new/Encoder.vhd:38]
WARNING: [Synth 8-153] case item 31'b0000000000000000000000000010010 will never be executed [C:/Users/stefa_fil71sc/Desktop/Nuova cartella/Esercizio11_2_DivisoreOnBoard/Esercizio11_2_DivisoreOnBoard.srcs/sources_1/new/Encoder.vhd:38]
WARNING: [Synth 8-153] case item 31'b0000000000000000000000000010011 will never be executed [C:/Users/stefa_fil71sc/Desktop/Nuova cartella/Esercizio11_2_DivisoreOnBoard/Esercizio11_2_DivisoreOnBoard.srcs/sources_1/new/Encoder.vhd:38]
WARNING: [Synth 8-153] case item 31'b0000000000000000000000000010100 will never be executed [C:/Users/stefa_fil71sc/Desktop/Nuova cartella/Esercizio11_2_DivisoreOnBoard/Esercizio11_2_DivisoreOnBoard.srcs/sources_1/new/Encoder.vhd:38]
WARNING: [Synth 8-153] case item 31'b0000000000000000000000000010101 will never be executed [C:/Users/stefa_fil71sc/Desktop/Nuova cartella/Esercizio11_2_DivisoreOnBoard/Esercizio11_2_DivisoreOnBoard.srcs/sources_1/new/Encoder.vhd:38]
WARNING: [Synth 8-153] case item 31'b0000000000000000000000000010110 will never be executed [C:/Users/stefa_fil71sc/Desktop/Nuova cartella/Esercizio11_2_DivisoreOnBoard/Esercizio11_2_DivisoreOnBoard.srcs/sources_1/new/Encoder.vhd:38]
WARNING: [Synth 8-153] case item 31'b0000000000000000000000000010111 will never be executed [C:/Users/stefa_fil71sc/Desktop/Nuova cartella/Esercizio11_2_DivisoreOnBoard/Esercizio11_2_DivisoreOnBoard.srcs/sources_1/new/Encoder.vhd:38]
WARNING: [Synth 8-153] case item 31'b0000000000000000000000000011000 will never be executed [C:/Users/stefa_fil71sc/Desktop/Nuova cartella/Esercizio11_2_DivisoreOnBoard/Esercizio11_2_DivisoreOnBoard.srcs/sources_1/new/Encoder.vhd:38]
WARNING: [Synth 8-153] case item 31'b0000000000000000000000000011001 will never be executed [C:/Users/stefa_fil71sc/Desktop/Nuova cartella/Esercizio11_2_DivisoreOnBoard/Esercizio11_2_DivisoreOnBoard.srcs/sources_1/new/Encoder.vhd:38]
WARNING: [Synth 8-153] case item 31'b0000000000000000000000000011010 will never be executed [C:/Users/stefa_fil71sc/Desktop/Nuova cartella/Esercizio11_2_DivisoreOnBoard/Esercizio11_2_DivisoreOnBoard.srcs/sources_1/new/Encoder.vhd:38]
WARNING: [Synth 8-153] case item 31'b0000000000000000000000000011011 will never be executed [C:/Users/stefa_fil71sc/Desktop/Nuova cartella/Esercizio11_2_DivisoreOnBoard/Esercizio11_2_DivisoreOnBoard.srcs/sources_1/new/Encoder.vhd:38]
WARNING: [Synth 8-153] case item 31'b0000000000000000000000000011100 will never be executed [C:/Users/stefa_fil71sc/Desktop/Nuova cartella/Esercizio11_2_DivisoreOnBoard/Esercizio11_2_DivisoreOnBoard.srcs/sources_1/new/Encoder.vhd:38]
WARNING: [Synth 8-153] case item 31'b0000000000000000000000000011101 will never be executed [C:/Users/stefa_fil71sc/Desktop/Nuova cartella/Esercizio11_2_DivisoreOnBoard/Esercizio11_2_DivisoreOnBoard.srcs/sources_1/new/Encoder.vhd:38]
WARNING: [Synth 8-153] case item 31'b0000000000000000000000000011110 will never be executed [C:/Users/stefa_fil71sc/Desktop/Nuova cartella/Esercizio11_2_DivisoreOnBoard/Esercizio11_2_DivisoreOnBoard.srcs/sources_1/new/Encoder.vhd:38]
WARNING: [Synth 8-153] case item 31'b0000000000000000000000000011111 will never be executed [C:/Users/stefa_fil71sc/Desktop/Nuova cartella/Esercizio11_2_DivisoreOnBoard/Esercizio11_2_DivisoreOnBoard.srcs/sources_1/new/Encoder.vhd:38]
WARNING: [Synth 8-153] case item 31'b0000000000000000000000000100000 will never be executed [C:/Users/stefa_fil71sc/Desktop/Nuova cartella/Esercizio11_2_DivisoreOnBoard/Esercizio11_2_DivisoreOnBoard.srcs/sources_1/new/Encoder.vhd:38]
WARNING: [Synth 8-153] case item 31'b0000000000000000000000000100001 will never be executed [C:/Users/stefa_fil71sc/Desktop/Nuova cartella/Esercizio11_2_DivisoreOnBoard/Esercizio11_2_DivisoreOnBoard.srcs/sources_1/new/Encoder.vhd:38]
WARNING: [Synth 8-153] case item 31'b0000000000000000000000000100010 will never be executed [C:/Users/stefa_fil71sc/Desktop/Nuova cartella/Esercizio11_2_DivisoreOnBoard/Esercizio11_2_DivisoreOnBoard.srcs/sources_1/new/Encoder.vhd:38]
WARNING: [Synth 8-153] case item 31'b0000000000000000000000000100011 will never be executed [C:/Users/stefa_fil71sc/Desktop/Nuova cartella/Esercizio11_2_DivisoreOnBoard/Esercizio11_2_DivisoreOnBoard.srcs/sources_1/new/Encoder.vhd:38]
WARNING: [Synth 8-153] case item 31'b0000000000000000000000000100100 will never be executed [C:/Users/stefa_fil71sc/Desktop/Nuova cartella/Esercizio11_2_DivisoreOnBoard/Esercizio11_2_DivisoreOnBoard.srcs/sources_1/new/Encoder.vhd:38]
WARNING: [Synth 8-153] case item 31'b0000000000000000000000000100101 will never be executed [C:/Users/stefa_fil71sc/Desktop/Nuova cartella/Esercizio11_2_DivisoreOnBoard/Esercizio11_2_DivisoreOnBoard.srcs/sources_1/new/Encoder.vhd:38]
WARNING: [Synth 8-153] case item 31'b0000000000000000000000000100110 will never be executed [C:/Users/stefa_fil71sc/Desktop/Nuova cartella/Esercizio11_2_DivisoreOnBoard/Esercizio11_2_DivisoreOnBoard.srcs/sources_1/new/Encoder.vhd:38]
WARNING: [Synth 8-153] case item 31'b0000000000000000000000000100111 will never be executed [C:/Users/stefa_fil71sc/Desktop/Nuova cartella/Esercizio11_2_DivisoreOnBoard/Esercizio11_2_DivisoreOnBoard.srcs/sources_1/new/Encoder.vhd:38]
WARNING: [Synth 8-153] case item 31'b0000000000000000000000000101000 will never be executed [C:/Users/stefa_fil71sc/Desktop/Nuova cartella/Esercizio11_2_DivisoreOnBoard/Esercizio11_2_DivisoreOnBoard.srcs/sources_1/new/Encoder.vhd:38]
WARNING: [Synth 8-153] case item 31'b0000000000000000000000000101001 will never be executed [C:/Users/stefa_fil71sc/Desktop/Nuova cartella/Esercizio11_2_DivisoreOnBoard/Esercizio11_2_DivisoreOnBoard.srcs/sources_1/new/Encoder.vhd:38]
WARNING: [Synth 8-153] case item 31'b0000000000000000000000000101010 will never be executed [C:/Users/stefa_fil71sc/Desktop/Nuova cartella/Esercizio11_2_DivisoreOnBoard/Esercizio11_2_DivisoreOnBoard.srcs/sources_1/new/Encoder.vhd:38]
WARNING: [Synth 8-153] case item 31'b0000000000000000000000000101011 will never be executed [C:/Users/stefa_fil71sc/Desktop/Nuova cartella/Esercizio11_2_DivisoreOnBoard/Esercizio11_2_DivisoreOnBoard.srcs/sources_1/new/Encoder.vhd:38]
WARNING: [Synth 8-153] case item 31'b0000000000000000000000000101100 will never be executed [C:/Users/stefa_fil71sc/Desktop/Nuova cartella/Esercizio11_2_DivisoreOnBoard/Esercizio11_2_DivisoreOnBoard.srcs/sources_1/new/Encoder.vhd:38]
WARNING: [Synth 8-153] case item 31'b0000000000000000000000000101101 will never be executed [C:/Users/stefa_fil71sc/Desktop/Nuova cartella/Esercizio11_2_DivisoreOnBoard/Esercizio11_2_DivisoreOnBoard.srcs/sources_1/new/Encoder.vhd:38]
WARNING: [Synth 8-153] case item 31'b0000000000000000000000000101110 will never be executed [C:/Users/stefa_fil71sc/Desktop/Nuova cartella/Esercizio11_2_DivisoreOnBoard/Esercizio11_2_DivisoreOnBoard.srcs/sources_1/new/Encoder.vhd:38]
WARNING: [Synth 8-153] case item 31'b0000000000000000000000000101111 will never be executed [C:/Users/stefa_fil71sc/Desktop/Nuova cartella/Esercizio11_2_DivisoreOnBoard/Esercizio11_2_DivisoreOnBoard.srcs/sources_1/new/Encoder.vhd:38]
WARNING: [Synth 8-153] case item 31'b0000000000000000000000000110000 will never be executed [C:/Users/stefa_fil71sc/Desktop/Nuova cartella/Esercizio11_2_DivisoreOnBoard/Esercizio11_2_DivisoreOnBoard.srcs/sources_1/new/Encoder.vhd:38]
WARNING: [Synth 8-153] case item 31'b0000000000000000000000000110001 will never be executed [C:/Users/stefa_fil71sc/Desktop/Nuova cartella/Esercizio11_2_DivisoreOnBoard/Esercizio11_2_DivisoreOnBoard.srcs/sources_1/new/Encoder.vhd:38]
WARNING: [Synth 8-153] case item 31'b0000000000000000000000000110010 will never be executed [C:/Users/stefa_fil71sc/Desktop/Nuova cartella/Esercizio11_2_DivisoreOnBoard/Esercizio11_2_DivisoreOnBoard.srcs/sources_1/new/Encoder.vhd:38]
WARNING: [Synth 8-153] case item 31'b0000000000000000000000000110011 will never be executed [C:/Users/stefa_fil71sc/Desktop/Nuova cartella/Esercizio11_2_DivisoreOnBoard/Esercizio11_2_DivisoreOnBoard.srcs/sources_1/new/Encoder.vhd:38]
WARNING: [Synth 8-153] case item 31'b0000000000000000000000000110100 will never be executed [C:/Users/stefa_fil71sc/Desktop/Nuova cartella/Esercizio11_2_DivisoreOnBoard/Esercizio11_2_DivisoreOnBoard.srcs/sources_1/new/Encoder.vhd:38]
WARNING: [Synth 8-153] case item 31'b0000000000000000000000000110101 will never be executed [C:/Users/stefa_fil71sc/Desktop/Nuova cartella/Esercizio11_2_DivisoreOnBoard/Esercizio11_2_DivisoreOnBoard.srcs/sources_1/new/Encoder.vhd:38]
WARNING: [Synth 8-153] case item 31'b0000000000000000000000000110110 will never be executed [C:/Users/stefa_fil71sc/Desktop/Nuova cartella/Esercizio11_2_DivisoreOnBoard/Esercizio11_2_DivisoreOnBoard.srcs/sources_1/new/Encoder.vhd:38]
WARNING: [Synth 8-153] case item 31'b0000000000000000000000000110111 will never be executed [C:/Users/stefa_fil71sc/Desktop/Nuova cartella/Esercizio11_2_DivisoreOnBoard/Esercizio11_2_DivisoreOnBoard.srcs/sources_1/new/Encoder.vhd:38]
WARNING: [Synth 8-153] case item 31'b0000000000000000000000000111000 will never be executed [C:/Users/stefa_fil71sc/Desktop/Nuova cartella/Esercizio11_2_DivisoreOnBoard/Esercizio11_2_DivisoreOnBoard.srcs/sources_1/new/Encoder.vhd:38]
WARNING: [Synth 8-153] case item 31'b0000000000000000000000000111001 will never be executed [C:/Users/stefa_fil71sc/Desktop/Nuova cartella/Esercizio11_2_DivisoreOnBoard/Esercizio11_2_DivisoreOnBoard.srcs/sources_1/new/Encoder.vhd:38]
WARNING: [Synth 8-153] case item 31'b0000000000000000000000000111010 will never be executed [C:/Users/stefa_fil71sc/Desktop/Nuova cartella/Esercizio11_2_DivisoreOnBoard/Esercizio11_2_DivisoreOnBoard.srcs/sources_1/new/Encoder.vhd:38]
WARNING: [Synth 8-153] case item 31'b0000000000000000000000000111011 will never be executed [C:/Users/stefa_fil71sc/Desktop/Nuova cartella/Esercizio11_2_DivisoreOnBoard/Esercizio11_2_DivisoreOnBoard.srcs/sources_1/new/Encoder.vhd:38]
INFO: [Synth 8-226] default block is never used [C:/Users/stefa_fil71sc/Desktop/Nuova cartella/Esercizio11_2_DivisoreOnBoard/Esercizio11_2_DivisoreOnBoard.srcs/sources_1/new/Encoder.vhd:38]
WARNING: [Synth 8-153] case item 31'b0000000000000000000000000010100 will never be executed [C:/Users/stefa_fil71sc/Desktop/Nuova cartella/Esercizio11_2_DivisoreOnBoard/Esercizio11_2_DivisoreOnBoard.srcs/sources_1/new/Encoder.vhd:47]
WARNING: [Synth 8-153] case item 31'b0000000000000000000000000011110 will never be executed [C:/Users/stefa_fil71sc/Desktop/Nuova cartella/Esercizio11_2_DivisoreOnBoard/Esercizio11_2_DivisoreOnBoard.srcs/sources_1/new/Encoder.vhd:47]
WARNING: [Synth 8-153] case item 31'b0000000000000000000000000101000 will never be executed [C:/Users/stefa_fil71sc/Desktop/Nuova cartella/Esercizio11_2_DivisoreOnBoard/Esercizio11_2_DivisoreOnBoard.srcs/sources_1/new/Encoder.vhd:47]
WARNING: [Synth 8-153] case item 31'b0000000000000000000000000110010 will never be executed [C:/Users/stefa_fil71sc/Desktop/Nuova cartella/Esercizio11_2_DivisoreOnBoard/Esercizio11_2_DivisoreOnBoard.srcs/sources_1/new/Encoder.vhd:47]
WARNING: [Synth 8-153] case item 31'b0000000000000000000000000010101 will never be executed [C:/Users/stefa_fil71sc/Desktop/Nuova cartella/Esercizio11_2_DivisoreOnBoard/Esercizio11_2_DivisoreOnBoard.srcs/sources_1/new/Encoder.vhd:47]
WARNING: [Synth 8-153] case item 31'b0000000000000000000000000011111 will never be executed [C:/Users/stefa_fil71sc/Desktop/Nuova cartella/Esercizio11_2_DivisoreOnBoard/Esercizio11_2_DivisoreOnBoard.srcs/sources_1/new/Encoder.vhd:47]
WARNING: [Synth 8-153] case item 31'b0000000000000000000000000101001 will never be executed [C:/Users/stefa_fil71sc/Desktop/Nuova cartella/Esercizio11_2_DivisoreOnBoard/Esercizio11_2_DivisoreOnBoard.srcs/sources_1/new/Encoder.vhd:47]
WARNING: [Synth 8-153] case item 31'b0000000000000000000000000110011 will never be executed [C:/Users/stefa_fil71sc/Desktop/Nuova cartella/Esercizio11_2_DivisoreOnBoard/Esercizio11_2_DivisoreOnBoard.srcs/sources_1/new/Encoder.vhd:47]
WARNING: [Synth 8-153] case item 31'b0000000000000000000000000010110 will never be executed [C:/Users/stefa_fil71sc/Desktop/Nuova cartella/Esercizio11_2_DivisoreOnBoard/Esercizio11_2_DivisoreOnBoard.srcs/sources_1/new/Encoder.vhd:47]
WARNING: [Synth 8-153] case item 31'b0000000000000000000000000100000 will never be executed [C:/Users/stefa_fil71sc/Desktop/Nuova cartella/Esercizio11_2_DivisoreOnBoard/Esercizio11_2_DivisoreOnBoard.srcs/sources_1/new/Encoder.vhd:47]
WARNING: [Synth 8-153] case item 31'b0000000000000000000000000101010 will never be executed [C:/Users/stefa_fil71sc/Desktop/Nuova cartella/Esercizio11_2_DivisoreOnBoard/Esercizio11_2_DivisoreOnBoard.srcs/sources_1/new/Encoder.vhd:47]
WARNING: [Synth 8-153] case item 31'b0000000000000000000000000110100 will never be executed [C:/Users/stefa_fil71sc/Desktop/Nuova cartella/Esercizio11_2_DivisoreOnBoard/Esercizio11_2_DivisoreOnBoard.srcs/sources_1/new/Encoder.vhd:47]
INFO: [Common 17-14] Message 'Synth 8-153' appears 100 times and further instances of the messages will be disabled. Use the Tcl command set_msg_config to change the current settings.
INFO: [Synth 8-226] default block is never used [C:/Users/stefa_fil71sc/Desktop/Nuova cartella/Esercizio11_2_DivisoreOnBoard/Esercizio11_2_DivisoreOnBoard.srcs/sources_1/new/Encoder.vhd:47]
WARNING: [Synth 8-5830] Case choice is outside the range of select [C:/Users/stefa_fil71sc/Desktop/Nuova cartella/Esercizio11_2_DivisoreOnBoard/Esercizio11_2_DivisoreOnBoard.srcs/sources_1/new/Encoder.vhd:62]
WARNING: [Synth 8-5830] Case choice is outside the range of select [C:/Users/stefa_fil71sc/Desktop/Nuova cartella/Esercizio11_2_DivisoreOnBoard/Esercizio11_2_DivisoreOnBoard.srcs/sources_1/new/Encoder.vhd:63]
WARNING: [Synth 8-5830] Case choice is outside the range of select [C:/Users/stefa_fil71sc/Desktop/Nuova cartella/Esercizio11_2_DivisoreOnBoard/Esercizio11_2_DivisoreOnBoard.srcs/sources_1/new/Encoder.vhd:64]
WARNING: [Synth 8-5830] Case choice is outside the range of select [C:/Users/stefa_fil71sc/Desktop/Nuova cartella/Esercizio11_2_DivisoreOnBoard/Esercizio11_2_DivisoreOnBoard.srcs/sources_1/new/Encoder.vhd:65]
WARNING: [Synth 8-5830] Case choice is outside the range of select [C:/Users/stefa_fil71sc/Desktop/Nuova cartella/Esercizio11_2_DivisoreOnBoard/Esercizio11_2_DivisoreOnBoard.srcs/sources_1/new/Encoder.vhd:66]
INFO: [Synth 8-226] default block is never used [C:/Users/stefa_fil71sc/Desktop/Nuova cartella/Esercizio11_2_DivisoreOnBoard/Esercizio11_2_DivisoreOnBoard.srcs/sources_1/new/Encoder.vhd:60]
INFO: [Synth 8-256] done synthesizing module 'Encoder' (0#1) [C:/Users/stefa_fil71sc/Desktop/Nuova cartella/Esercizio11_2_DivisoreOnBoard/Esercizio11_2_DivisoreOnBoard.srcs/sources_1/new/Encoder.vhd:17]
INFO: [Synth 8-3491] module 'display_seven_segments' declared at 'C:/Users/stefa_fil71sc/Desktop/Nuova cartella/Esercizio11_2_DivisoreOnBoard/Esercizio11_2_DivisoreOnBoard.srcs/sources_1/imports/Downloads/display_seven_segments.vhd:32' bound to instance 'diplay' of component 'display_seven_segments' [C:/Users/stefa_fil71sc/Desktop/Nuova cartella/Esercizio11_2_DivisoreOnBoard/Esercizio11_2_DivisoreOnBoard.srcs/sources_1/new/Output_manager.vhd:71]
INFO: [Synth 8-638] synthesizing module 'display_seven_segments' [C:/Users/stefa_fil71sc/Desktop/Nuova cartella/Esercizio11_2_DivisoreOnBoard/Esercizio11_2_DivisoreOnBoard.srcs/sources_1/imports/Downloads/display_seven_segments.vhd:46]
	Parameter clock_frequency_in bound to: 100000000 - type: integer 
	Parameter clock_frequency_out bound to: 500 - type: integer 
	Parameter clock_frequency_in bound to: 100000000 - type: integer 
	Parameter clock_frequency_out bound to: 500 - type: integer 
INFO: [Synth 8-3491] module 'clock_divider' declared at 'C:/Users/stefa_fil71sc/Desktop/Nuova cartella/Esercizio11_2_DivisoreOnBoard/Esercizio11_2_DivisoreOnBoard.srcs/sources_1/imports/Downloads/clock_divider.vhd:12' bound to instance 'clk_divider_instance' of component 'clock_divider' [C:/Users/stefa_fil71sc/Desktop/Nuova cartella/Esercizio11_2_DivisoreOnBoard/Esercizio11_2_DivisoreOnBoard.srcs/sources_1/imports/Downloads/display_seven_segments.vhd:107]
INFO: [Synth 8-638] synthesizing module 'clock_divider' [C:/Users/stefa_fil71sc/Desktop/Nuova cartella/Esercizio11_2_DivisoreOnBoard/Esercizio11_2_DivisoreOnBoard.srcs/sources_1/imports/Downloads/clock_divider.vhd:22]
	Parameter clock_frequency_in bound to: 100000000 - type: integer 
	Parameter clock_frequency_out bound to: 500 - type: integer 
INFO: [Synth 8-256] done synthesizing module 'clock_divider' (0#1) [C:/Users/stefa_fil71sc/Desktop/Nuova cartella/Esercizio11_2_DivisoreOnBoard/Esercizio11_2_DivisoreOnBoard.srcs/sources_1/imports/Downloads/clock_divider.vhd:22]
INFO: [Synth 8-3491] module 'counter_mod8' declared at 'C:/Users/stefa_fil71sc/Desktop/Nuova cartella/Esercizio11_2_DivisoreOnBoard/Esercizio11_2_DivisoreOnBoard.srcs/sources_1/imports/Downloads/counter_mod8.vhd:32' bound to instance 'counter_instance' of component 'counter_mod8' [C:/Users/stefa_fil71sc/Desktop/Nuova cartella/Esercizio11_2_DivisoreOnBoard/Esercizio11_2_DivisoreOnBoard.srcs/sources_1/imports/Downloads/display_seven_segments.vhd:117]
INFO: [Synth 8-638] synthesizing module 'counter_mod8' [C:/Users/stefa_fil71sc/Desktop/Nuova cartella/Esercizio11_2_DivisoreOnBoard/Esercizio11_2_DivisoreOnBoard.srcs/sources_1/imports/Downloads/counter_mod8.vhd:39]
INFO: [Synth 8-256] done synthesizing module 'counter_mod8' (0#1) [C:/Users/stefa_fil71sc/Desktop/Nuova cartella/Esercizio11_2_DivisoreOnBoard/Esercizio11_2_DivisoreOnBoard.srcs/sources_1/imports/Downloads/counter_mod8.vhd:39]
INFO: [Synth 8-3491] module 'cathodes_input_manager' declared at 'C:/Users/stefa_fil71sc/Desktop/Nuova cartella/Esercizio11_2_DivisoreOnBoard/Esercizio11_2_DivisoreOnBoard.srcs/sources_1/imports/Downloads/cathodes_input_manager.vhd:11' bound to instance 'cathodes_input_man_instance' of component 'cathodes_input_manager' [C:/Users/stefa_fil71sc/Desktop/Nuova cartella/Esercizio11_2_DivisoreOnBoard/Esercizio11_2_DivisoreOnBoard.srcs/sources_1/imports/Downloads/display_seven_segments.vhd:124]
INFO: [Synth 8-638] synthesizing module 'cathodes_input_manager' [C:/Users/stefa_fil71sc/Desktop/Nuova cartella/Esercizio11_2_DivisoreOnBoard/Esercizio11_2_DivisoreOnBoard.srcs/sources_1/imports/Downloads/cathodes_input_manager.vhd:21]
INFO: [Synth 8-226] default block is never used [C:/Users/stefa_fil71sc/Desktop/Nuova cartella/Esercizio11_2_DivisoreOnBoard/Esercizio11_2_DivisoreOnBoard.srcs/sources_1/imports/Downloads/cathodes_input_manager.vhd:25]
INFO: [Synth 8-226] default block is never used [C:/Users/stefa_fil71sc/Desktop/Nuova cartella/Esercizio11_2_DivisoreOnBoard/Esercizio11_2_DivisoreOnBoard.srcs/sources_1/imports/Downloads/cathodes_input_manager.vhd:36]
INFO: [Synth 8-256] done synthesizing module 'cathodes_input_manager' (0#1) [C:/Users/stefa_fil71sc/Desktop/Nuova cartella/Esercizio11_2_DivisoreOnBoard/Esercizio11_2_DivisoreOnBoard.srcs/sources_1/imports/Downloads/cathodes_input_manager.vhd:21]
INFO: [Synth 8-3491] module 'cathodes_manager' declared at 'C:/Users/stefa_fil71sc/Desktop/Nuova cartella/Esercizio11_2_DivisoreOnBoard/Esercizio11_2_DivisoreOnBoard.srcs/sources_1/imports/Downloads/cathodes_manager.vhd:32' bound to instance 'cathodes_instance' of component 'cathodes_manager' [C:/Users/stefa_fil71sc/Desktop/Nuova cartella/Esercizio11_2_DivisoreOnBoard/Esercizio11_2_DivisoreOnBoard.srcs/sources_1/imports/Downloads/display_seven_segments.vhd:133]
INFO: [Synth 8-638] synthesizing module 'cathodes_manager' [C:/Users/stefa_fil71sc/Desktop/Nuova cartella/Esercizio11_2_DivisoreOnBoard/Esercizio11_2_DivisoreOnBoard.srcs/sources_1/imports/Downloads/cathodes_manager.vhd:38]
INFO: [Synth 8-226] default block is never used [C:/Users/stefa_fil71sc/Desktop/Nuova cartella/Esercizio11_2_DivisoreOnBoard/Esercizio11_2_DivisoreOnBoard.srcs/sources_1/imports/Downloads/cathodes_manager.vhd:70]
INFO: [Synth 8-256] done synthesizing module 'cathodes_manager' (0#1) [C:/Users/stefa_fil71sc/Desktop/Nuova cartella/Esercizio11_2_DivisoreOnBoard/Esercizio11_2_DivisoreOnBoard.srcs/sources_1/imports/Downloads/cathodes_manager.vhd:38]
INFO: [Synth 8-3491] module 'anodes_manager' declared at 'C:/Users/stefa_fil71sc/Desktop/Nuova cartella/Esercizio11_2_DivisoreOnBoard/Esercizio11_2_DivisoreOnBoard.srcs/sources_1/imports/Downloads/anodes_manager.vhd:32' bound to instance 'anodes_instance' of component 'anodes_manager' [C:/Users/stefa_fil71sc/Desktop/Nuova cartella/Esercizio11_2_DivisoreOnBoard/Esercizio11_2_DivisoreOnBoard.srcs/sources_1/imports/Downloads/display_seven_segments.vhd:139]
INFO: [Synth 8-638] synthesizing module 'anodes_manager' [C:/Users/stefa_fil71sc/Desktop/Nuova cartella/Esercizio11_2_DivisoreOnBoard/Esercizio11_2_DivisoreOnBoard.srcs/sources_1/imports/Downloads/anodes_manager.vhd:39]
INFO: [Synth 8-226] default block is never used [C:/Users/stefa_fil71sc/Desktop/Nuova cartella/Esercizio11_2_DivisoreOnBoard/Esercizio11_2_DivisoreOnBoard.srcs/sources_1/imports/Downloads/anodes_manager.vhd:50]
INFO: [Synth 8-256] done synthesizing module 'anodes_manager' (0#1) [C:/Users/stefa_fil71sc/Desktop/Nuova cartella/Esercizio11_2_DivisoreOnBoard/Esercizio11_2_DivisoreOnBoard.srcs/sources_1/imports/Downloads/anodes_manager.vhd:39]
INFO: [Synth 8-256] done synthesizing module 'display_seven_segments' (0#1) [C:/Users/stefa_fil71sc/Desktop/Nuova cartella/Esercizio11_2_DivisoreOnBoard/Esercizio11_2_DivisoreOnBoard.srcs/sources_1/imports/Downloads/display_seven_segments.vhd:46]
INFO: [Synth 8-256] done synthesizing module 'Output_manager' (0#1) [C:/Users/stefa_fil71sc/Desktop/Nuova cartella/Esercizio11_2_DivisoreOnBoard/Esercizio11_2_DivisoreOnBoard.srcs/sources_1/new/Output_manager.vhd:20]
INFO: [Synth 8-256] done synthesizing module 'DivisoreOnBoard' (0#1) [C:/Users/stefa_fil71sc/Desktop/Nuova cartella/Esercizio11_2_DivisoreOnBoard/Esercizio11_2_DivisoreOnBoard.srcs/sources_1/imports/Downloads/DivisoreOnBoard.vhd:22]
---------------------------------------------------------------------------------
Finished RTL Elaboration : Time (s): cpu = 00:00:09 ; elapsed = 00:00:10 . Memory (MB): peak = 1281.441 ; gain = 0.000
---------------------------------------------------------------------------------
---------------------------------------------------------------------------------
Start Handling Custom Attributes
---------------------------------------------------------------------------------
---------------------------------------------------------------------------------
Finished Handling Custom Attributes : Time (s): cpu = 00:00:10 ; elapsed = 00:00:10 . Memory (MB): peak = 1281.441 ; gain = 0.000
---------------------------------------------------------------------------------
---------------------------------------------------------------------------------
Finished RTL Optimization Phase 1 : Time (s): cpu = 00:00:10 ; elapsed = 00:00:10 . Memory (MB): peak = 1281.441 ; gain = 0.000
---------------------------------------------------------------------------------
Netlist sorting complete. Time (s): cpu = 00:00:00 ; elapsed = 00:00:00.031 . Memory (MB): peak = 1281.441 ; gain = 0.000
INFO: [Project 1-570] Preparing netlist for logic optimization

Processing XDC Constraints
Initializing timing engine
Parsing XDC File [C:/Users/stefa_fil71sc/Desktop/Nuova cartella/Esercizio11_2_DivisoreOnBoard/Esercizio11_2_DivisoreOnBoard.srcs/constrs_1/imports/digilent-xdc-master/Nexys-A7-100T-Master.xdc]
Finished Parsing XDC File [C:/Users/stefa_fil71sc/Desktop/Nuova cartella/Esercizio11_2_DivisoreOnBoard/Esercizio11_2_DivisoreOnBoard.srcs/constrs_1/imports/digilent-xdc-master/Nexys-A7-100T-Master.xdc]
INFO: [Project 1-236] Implementation specific constraints were found while reading constraint file [C:/Users/stefa_fil71sc/Desktop/Nuova cartella/Esercizio11_2_DivisoreOnBoard/Esercizio11_2_DivisoreOnBoard.srcs/constrs_1/imports/digilent-xdc-master/Nexys-A7-100T-Master.xdc]. These constraints will be ignored for synthesis but will be used in implementation. Impacted constraints are listed in the file [.Xil/DivisoreOnBoard_propImpl.xdc].
Resolution: To avoid this warning, move constraints listed in [.Xil/DivisoreOnBoard_propImpl.xdc] to another XDC file and exclude this new file from synthesis with the used_in_synthesis property (File Properties dialog in GUI) and re-run elaboration/synthesis.
Completed Processing XDC Constraints

Netlist sorting complete. Time (s): cpu = 00:00:00 ; elapsed = 00:00:00.001 . Memory (MB): peak = 1349.578 ; gain = 0.000
INFO: [Project 1-111] Unisim Transformation Summary:
No Unisim elements were transformed.

Constraint Validation Runtime : Time (s): cpu = 00:00:00 ; elapsed = 00:00:00.012 . Memory (MB): peak = 1349.578 ; gain = 0.000
---------------------------------------------------------------------------------
Finished Constraint Validation : Time (s): cpu = 00:00:26 ; elapsed = 00:00:27 . Memory (MB): peak = 1349.578 ; gain = 68.137
---------------------------------------------------------------------------------
---------------------------------------------------------------------------------
Start Loading Part and Timing Information
---------------------------------------------------------------------------------
Loading part: xc7a100tcsg324-1
---------------------------------------------------------------------------------
Finished Loading Part and Timing Information : Time (s): cpu = 00:00:26 ; elapsed = 00:00:27 . Memory (MB): peak = 1349.578 ; gain = 68.137
---------------------------------------------------------------------------------
---------------------------------------------------------------------------------
Start Applying 'set_property' XDC Constraints
---------------------------------------------------------------------------------
---------------------------------------------------------------------------------
Finished applying 'set_property' XDC Constraints : Time (s): cpu = 00:00:26 ; elapsed = 00:00:27 . Memory (MB): peak = 1349.578 ; gain = 68.137
---------------------------------------------------------------------------------
INFO: [Synth 8-802] inferred FSM for state register 'BTN_state_reg' in module 'ButtonDebouncer'
INFO: [Synth 8-802] inferred FSM for state register 'current_state_reg' in module 'ControlUnit'
---------------------------------------------------------------------------------------------------
                   State |                     New Encoding |                Previous Encoding 
---------------------------------------------------------------------------------------------------
                released |                               00 |                               00
            pressed_vrfy |                               01 |                               01
          pressed_cnfrmd |                               10 |                               10
           released_vrfy |                               11 |                               11
---------------------------------------------------------------------------------------------------
INFO: [Synth 8-3354] encoded FSM with state register 'BTN_state_reg' using encoding 'sequential' in module 'ButtonDebouncer'
---------------------------------------------------------------------------------------------------
                   State |                     New Encoding |                Previous Encoding 
---------------------------------------------------------------------------------------------------
                    idle |                          0000001 |                              000
                      q1 |                          0000010 |                              001
                      q2 |                          0000100 |                              010
                      q3 |                          0001000 |                              011
                      q4 |                          0010000 |                              100
                      q5 |                          0100000 |                              101
                      q6 |                          1000000 |                              110
---------------------------------------------------------------------------------------------------
INFO: [Synth 8-3354] encoded FSM with state register 'current_state_reg' using encoding 'one-hot' in module 'ControlUnit'
---------------------------------------------------------------------------------
Finished RTL Optimization Phase 2 : Time (s): cpu = 00:00:27 ; elapsed = 00:00:28 . Memory (MB): peak = 1349.578 ; gain = 68.137
---------------------------------------------------------------------------------
---------------------------------------------------------------------------------
Start RTL Component Statistics 
---------------------------------------------------------------------------------
Detailed RTL Component Info : 
+---Adders : 
	   2 Input   32 Bit       Adders := 2     
	   2 Input   18 Bit       Adders := 1     
	   2 Input    3 Bit       Adders := 1     
+---XORs : 
	   2 Input      1 Bit         XORs := 15    
+---Registers : 
	               32 Bit    Registers := 2     
	               18 Bit    Registers := 1     
	                5 Bit    Registers := 3     
	                3 Bit    Registers := 1     
	                1 Bit    Registers := 13    
+---Muxes : 
	   2 Input   32 Bit        Muxes := 3     
	   4 Input   32 Bit        Muxes := 1     
	   2 Input   18 Bit        Muxes := 1     
	   8 Input    8 Bit        Muxes := 1     
	   7 Input    7 Bit        Muxes := 1     
	   2 Input    7 Bit        Muxes := 3     
	   2 Input    5 Bit        Muxes := 5     
	   4 Input    2 Bit        Muxes := 1     
	   2 Input    2 Bit        Muxes := 4     
	   4 Input    1 Bit        Muxes := 4     
	   7 Input    1 Bit        Muxes := 9     
	   2 Input    1 Bit        Muxes := 4     
---------------------------------------------------------------------------------
Finished RTL Component Statistics 
---------------------------------------------------------------------------------
---------------------------------------------------------------------------------
Start Part Resource Summary
---------------------------------------------------------------------------------
Part Resources:
DSPs: 240 (col length:80)
BRAMs: 270 (col length: RAMB18 80 RAMB36 40)
---------------------------------------------------------------------------------
Finished Part Resource Summary
---------------------------------------------------------------------------------
---------------------------------------------------------------------------------
Start Cross Boundary and Area Optimization
---------------------------------------------------------------------------------
WARNING: [Synth 8-7080] Parallel synthesis criteria is not met
---------------------------------------------------------------------------------
Finished Cross Boundary and Area Optimization : Time (s): cpu = 00:00:31 ; elapsed = 00:00:33 . Memory (MB): peak = 1349.578 ; gain = 68.137
---------------------------------------------------------------------------------
---------------------------------------------------------------------------------
Start Applying XDC Timing Constraints
---------------------------------------------------------------------------------
---------------------------------------------------------------------------------
Finished Applying XDC Timing Constraints : Time (s): cpu = 00:00:41 ; elapsed = 00:00:43 . Memory (MB): peak = 1349.578 ; gain = 68.137
---------------------------------------------------------------------------------
---------------------------------------------------------------------------------
Start Timing Optimization
---------------------------------------------------------------------------------
---------------------------------------------------------------------------------
Finished Timing Optimization : Time (s): cpu = 00:00:42 ; elapsed = 00:00:44 . Memory (MB): peak = 1349.578 ; gain = 68.137
---------------------------------------------------------------------------------
---------------------------------------------------------------------------------
Start Technology Mapping
---------------------------------------------------------------------------------
---------------------------------------------------------------------------------
Finished Technology Mapping : Time (s): cpu = 00:00:42 ; elapsed = 00:00:44 . Memory (MB): peak = 1349.578 ; gain = 68.137
---------------------------------------------------------------------------------
---------------------------------------------------------------------------------
Start IO Insertion
---------------------------------------------------------------------------------
---------------------------------------------------------------------------------
Start Flattening Before IO Insertion
---------------------------------------------------------------------------------
---------------------------------------------------------------------------------
Finished Flattening Before IO Insertion
---------------------------------------------------------------------------------
---------------------------------------------------------------------------------
Start Final Netlist Cleanup
---------------------------------------------------------------------------------
---------------------------------------------------------------------------------
Finished Final Netlist Cleanup
---------------------------------------------------------------------------------
---------------------------------------------------------------------------------
Finished IO Insertion : Time (s): cpu = 00:00:48 ; elapsed = 00:00:50 . Memory (MB): peak = 1349.578 ; gain = 68.137
---------------------------------------------------------------------------------
---------------------------------------------------------------------------------
Start Renaming Generated Instances
---------------------------------------------------------------------------------
---------------------------------------------------------------------------------
Finished Renaming Generated Instances : Time (s): cpu = 00:00:48 ; elapsed = 00:00:50 . Memory (MB): peak = 1349.578 ; gain = 68.137
---------------------------------------------------------------------------------
---------------------------------------------------------------------------------
Start Rebuilding User Hierarchy
---------------------------------------------------------------------------------
---------------------------------------------------------------------------------
Finished Rebuilding User Hierarchy : Time (s): cpu = 00:00:48 ; elapsed = 00:00:50 . Memory (MB): peak = 1349.578 ; gain = 68.137
---------------------------------------------------------------------------------
---------------------------------------------------------------------------------
Start Renaming Generated Ports
---------------------------------------------------------------------------------
---------------------------------------------------------------------------------
Finished Renaming Generated Ports : Time (s): cpu = 00:00:48 ; elapsed = 00:00:50 . Memory (MB): peak = 1349.578 ; gain = 68.137
---------------------------------------------------------------------------------
---------------------------------------------------------------------------------
Start Handling Custom Attributes
---------------------------------------------------------------------------------
---------------------------------------------------------------------------------
Finished Handling Custom Attributes : Time (s): cpu = 00:00:48 ; elapsed = 00:00:50 . Memory (MB): peak = 1349.578 ; gain = 68.137
---------------------------------------------------------------------------------
---------------------------------------------------------------------------------
Start Renaming Generated Nets
---------------------------------------------------------------------------------
---------------------------------------------------------------------------------
Finished Renaming Generated Nets : Time (s): cpu = 00:00:48 ; elapsed = 00:00:50 . Memory (MB): peak = 1349.578 ; gain = 68.137
---------------------------------------------------------------------------------
---------------------------------------------------------------------------------
Start Writing Synthesis Report
---------------------------------------------------------------------------------

Report BlackBoxes: 
+-+--------------+----------+
| |BlackBox name |Instances |
+-+--------------+----------+
+-+--------------+----------+

Report Cell Usage: 
+------+-------+------+
|      |Cell   |Count |
+------+-------+------+
|1     |BUFG   |     1|
|2     |CARRY4 |    21|
|3     |LUT1   |     1|
|4     |LUT2   |     9|
|5     |LUT3   |    18|
|6     |LUT4   |    26|
|7     |LUT5   |    73|
|8     |LUT6   |    43|
|9     |FDRE   |   120|
|10    |FDSE   |     1|
|11    |IBUF   |    11|
|12    |OBUF   |    25|
+------+-------+------+
---------------------------------------------------------------------------------
Finished Writing Synthesis Report : Time (s): cpu = 00:00:48 ; elapsed = 00:00:50 . Memory (MB): peak = 1349.578 ; gain = 68.137
---------------------------------------------------------------------------------
Synthesis finished with 0 errors, 0 critical warnings and 1 warnings.
Synthesis Optimization Runtime : Time (s): cpu = 00:00:30 ; elapsed = 00:00:42 . Memory (MB): peak = 1349.578 ; gain = 0.000
Synthesis Optimization Complete : Time (s): cpu = 00:00:48 ; elapsed = 00:00:50 . Memory (MB): peak = 1349.578 ; gain = 68.137
INFO: [Project 1-571] Translating synthesized netlist
Netlist sorting complete. Time (s): cpu = 00:00:00 ; elapsed = 00:00:00.003 . Memory (MB): peak = 1349.578 ; gain = 0.000
INFO: [Netlist 29-17] Analyzing 21 Unisim elements for replacement
INFO: [Netlist 29-28] Unisim Transformation completed in 0 CPU seconds
INFO: [Project 1-570] Preparing netlist for logic optimization
INFO: [Opt 31-138] Pushed 0 inverter(s) to 0 load pin(s).
Netlist sorting complete. Time (s): cpu = 00:00:00 ; elapsed = 00:00:00 . Memory (MB): peak = 1349.578 ; gain = 0.000
INFO: [Project 1-111] Unisim Transformation Summary:
No Unisim elements were transformed.

Synth Design complete, checksum: ed9e0966
INFO: [Common 17-83] Releasing license: Synthesis
121 Infos, 119 Warnings, 0 Critical Warnings and 0 Errors encountered.
synth_design completed successfully
synth_design: Time (s): cpu = 00:00:54 ; elapsed = 00:00:57 . Memory (MB): peak = 1349.578 ; gain = 68.137
INFO: [Common 17-1381] The checkpoint 'C:/Users/stefa_fil71sc/Desktop/Nuova cartella/Esercizio11_2_DivisoreOnBoard/Esercizio11_2_DivisoreOnBoard.runs/synth_1/DivisoreOnBoard.dcp' has been generated.
INFO: [runtcl-4] Executing : report_utilization -file DivisoreOnBoard_utilization_synth.rpt -pb DivisoreOnBoard_utilization_synth.pb
INFO: [Common 17-206] Exiting Vivado at Thu Jan 26 11:13:37 2023...
